#
# There is insufficient memory for the Java Runtime Environment to continue.
# Native memory allocation (malloc) failed to allocate 1555696 bytes for Chunk::new
# Possible reasons:
#   The system is out of physical RAM or swap space
#   The process is running with CompressedOops enabled, and the Java Heap may be blocking the growth of the native heap
# Possible solutions:
#   Reduce memory load on the system
#   Increase physical memory or swap space
#   Check if swap backing store is full
#   Decrease Java heap size (-Xmx/-Xms)
#   Decrease number of Java threads
#   Decrease Java thread stack sizes (-Xss)
#   Set larger code cache with -XX:ReservedCodeCacheSize=
#   JVM is running with Unscaled Compressed Oops mode in which the Java heap is
#     placed in the first 4GB address space. The Java Heap base address is the
#     maximum limit for the native heap growth. Please use -XX:HeapBaseMinAddress
#     to set the Java Heap base and to place the Java Heap above 4GB virtual address.
# This output file may be truncated or incomplete.
#
#  Out of Memory Error (./src/hotspot/share/memory/arena.cpp:197), pid=11104, tid=3188
#
# JRE version: OpenJDK Runtime Environment (11.0.10) (build 11.0.10+0-b96-7249189)
# Java VM: OpenJDK 64-Bit Server VM (11.0.10+0-b96-7249189, mixed mode, tiered, compressed oops, g1 gc, windows-amd64)
# No core dump will be written. Minidumps are not enabled by default on client versions of Windows
#

---------------  S U M M A R Y ------------

Command Line: org.jetbrains.kotlin.cli.jvm.K2JVMCompiler @F:\MPOS\KvizProjekat\app\build\20240905_9954606185178127942.compiler.options

Host: Intel(R) Pentium(R) CPU B950 @ 2.10GHz, 2 cores, 3G,  Windows 10 , 64 bit Build 17134 (10.0.17134.1425)
Time: Thu Sep  5 09:07:29 2024 Central European Daylight Time elapsed time: 17.236940 seconds (0d 0h 0m 17s)

---------------  T H R E A D  ---------------

Current thread (0x00000298ffd55000):  JavaThread "C2 CompilerThread0" daemon [_thread_in_native, id=3188, stack(0x000000d70fa00000,0x000000d70fb00000)]


Current CompileTask:
C2:  17237 5883       4       org.jetbrains.kotlin.backend.common.serialization.mangle.descriptor.DescriptorMangleComputer::mangleType (553 bytes)

Stack: [0x000000d70fa00000,0x000000d70fb00000]
Native frames: (J=compiled Java code, j=interpreted, Vv=VM code, C=native code)
V  [jvm.dll+0x5ecfaa]
V  [jvm.dll+0x722bd5]
V  [jvm.dll+0x72412d]
V  [jvm.dll+0x7247e3]
V  [jvm.dll+0x242928]
V  [jvm.dll+0xbc4fc]
V  [jvm.dll+0xbca0c]
V  [jvm.dll+0x352d3b]
V  [jvm.dll+0x320ad3]
V  [jvm.dll+0x31ffca]
V  [jvm.dll+0x1fb602]
V  [jvm.dll+0x1fa7f4]
V  [jvm.dll+0x18354c]
V  [jvm.dll+0x208ee7]
V  [jvm.dll+0x207731]
V  [jvm.dll+0x6eb1cf]
V  [jvm.dll+0x6e3d45]
V  [jvm.dll+0x5ebe96]
C  [ucrtbase.dll+0x1e3fe]
C  [KERNEL32.DLL+0x14034]
C  [ntdll.dll+0x73691]


---------------  P R O C E S S  ---------------

Threads class SMR info:
_java_thread_list=0x000002988f93d8c0, length=10, elements={
0x00000298f7ce9800, 0x00000298ffd33800, 0x00000298ffd3d000, 0x00000298ffd4d000,
0x00000298ffd4f000, 0x00000298ffd51000, 0x00000298ffd55000, 0x00000298ffd98800,
0x00000298ffda0000, 0x000002988f95c000
}

Java Threads: ( => current thread )
  0x00000298f7ce9800 JavaThread "main" [_thread_in_Java, id=4288, stack(0x000000d70ee00000,0x000000d70ef00000)]
  0x00000298ffd33800 JavaThread "Reference Handler" daemon [_thread_blocked, id=9684, stack(0x000000d70f500000,0x000000d70f600000)]
  0x00000298ffd3d000 JavaThread "Finalizer" daemon [_thread_blocked, id=7688, stack(0x000000d70f600000,0x000000d70f700000)]
  0x00000298ffd4d000 JavaThread "Signal Dispatcher" daemon [_thread_blocked, id=8036, stack(0x000000d70f700000,0x000000d70f800000)]
  0x00000298ffd4f000 JavaThread "Attach Listener" daemon [_thread_blocked, id=7756, stack(0x000000d70f800000,0x000000d70f900000)]
  0x00000298ffd51000 JavaThread "Service Thread" daemon [_thread_blocked, id=4388, stack(0x000000d70f900000,0x000000d70fa00000)]
=>0x00000298ffd55000 JavaThread "C2 CompilerThread0" daemon [_thread_in_native, id=3188, stack(0x000000d70fa00000,0x000000d70fb00000)]
  0x00000298ffd98800 JavaThread "C1 CompilerThread0" daemon [_thread_in_native, id=8544, stack(0x000000d70fb00000,0x000000d70fc00000)]
  0x00000298ffda0000 JavaThread "Sweeper thread" daemon [_thread_blocked, id=9892, stack(0x000000d70fc00000,0x000000d70fd00000)]
  0x000002988f95c000 JavaThread "Common-Cleaner" daemon [_thread_blocked, id=3748, stack(0x000000d70fe00000,0x000000d70ff00000)]

Other Threads:
  0x00000298ffd0e800 VMThread "VM Thread" [stack: 0x000000d70f400000,0x000000d70f500000] [id=944]
  0x000002988f953000 WatcherThread [stack: 0x000000d70fd00000,0x000000d70fe00000] [id=1232]
  0x00000298f7d02800 GCTaskThread "GC Thread#0" [stack: 0x000000d70ef00000,0x000000d70f000000] [id=2308]
  0x000002988faee000 GCTaskThread "GC Thread#1" [stack: 0x000000d70ff00000,0x000000d710000000] [id=5152]
  0x00000298f7d1f000 ConcurrentGCThread "G1 Main Marker" [stack: 0x000000d70f000000,0x000000d70f100000] [id=812]
  0x00000298f7d21800 ConcurrentGCThread "G1 Conc#0" [stack: 0x000000d70f100000,0x000000d70f200000] [id=10940]
  0x00000298f7d74000 ConcurrentGCThread "G1 Refine#0" [stack: 0x000000d70f200000,0x000000d70f300000] [id=7748]
  0x00000298f7d75800 ConcurrentGCThread "G1 Young RemSet Sampling" [stack: 0x000000d70f300000,0x000000d70f400000] [id=10936]

Threads with active compile tasks:
C2 CompilerThread0  17297 5883       4       org.jetbrains.kotlin.backend.common.serialization.mangle.descriptor.DescriptorMangleComputer::mangleType (553 bytes)

VM state:not at safepoint (normal execution)

VM Mutex/Monitor currently owned by a thread: None

Heap address: 0x00000000c0c00000, size: 1012 MB, Compressed Oops mode: 32-bit
Narrow klass base: 0x0000000000000000, Narrow klass shift: 3
Compressed class space size: 1073741824 Address: 0x0000000100000000

Heap:
 garbage-first heap   total 114688K, used 51338K [0x00000000c0c00000, 0x0000000100000000)
  region size 1024K, 10 young (10240K), 4 survivors (4096K)
 Metaspace       used 59377K, capacity 59953K, committed 60248K, reserved 1101824K
  class space    used 6711K, capacity 6960K, committed 7000K, reserved 1048576K
Heap Regions: E=young(eden), S=young(survivor), O=old, HS=humongous(starts), HC=humongous(continues), CS=collection set, F=free, A=archive, TAMS=top-at-mark-start (previous, next)
|   0|0x00000000c0c00000, 0x00000000c0d00000, 0x00000000c0d00000|100%|HS|  |TAMS 0x00000000c0d00000, 0x00000000c0c00000| Complete 
|   1|0x00000000c0d00000, 0x00000000c0e00000, 0x00000000c0e00000|100%|HC|  |TAMS 0x00000000c0e00000, 0x00000000c0d00000| Complete 
|   2|0x00000000c0e00000, 0x00000000c0f00000, 0x00000000c0f00000|100%|HC|  |TAMS 0x00000000c0f00000, 0x00000000c0e00000| Complete 
|   3|0x00000000c0f00000, 0x00000000c1000000, 0x00000000c1000000|100%| O|  |TAMS 0x00000000c1000000, 0x00000000c0f00000| Untracked 
|   4|0x00000000c1000000, 0x00000000c1100000, 0x00000000c1100000|100%| O|  |TAMS 0x00000000c1100000, 0x00000000c1000000| Untracked 
|   5|0x00000000c1100000, 0x00000000c1200000, 0x00000000c1200000|100%| O|  |TAMS 0x00000000c1200000, 0x00000000c1100000| Untracked 
|   6|0x00000000c1200000, 0x00000000c1300000, 0x00000000c1300000|100%| O|  |TAMS 0x00000000c1300000, 0x00000000c1200000| Untracked 
|   7|0x00000000c1300000, 0x00000000c1400000, 0x00000000c1400000|100%|HS|  |TAMS 0x00000000c1400000, 0x00000000c1300000| Complete 
|   8|0x00000000c1400000, 0x00000000c1500000, 0x00000000c1500000|100%|HC|  |TAMS 0x00000000c1500000, 0x00000000c1400000| Complete 
|   9|0x00000000c1500000, 0x00000000c1600000, 0x00000000c1600000|100%|HC|  |TAMS 0x00000000c1600000, 0x00000000c1500000| Complete 
|  10|0x00000000c1600000, 0x00000000c1700000, 0x00000000c1700000|100%| O|  |TAMS 0x00000000c1700000, 0x00000000c1600000| Untracked 
|  11|0x00000000c1700000, 0x00000000c1800000, 0x00000000c1800000|100%| O|  |TAMS 0x00000000c1800000, 0x00000000c1700000| Untracked 
|  12|0x00000000c1800000, 0x00000000c1900000, 0x00000000c1900000|100%|HS|  |TAMS 0x00000000c1900000, 0x00000000c1800000| Complete 
|  13|0x00000000c1900000, 0x00000000c1a00000, 0x00000000c1a00000|100%|HC|  |TAMS 0x00000000c1a00000, 0x00000000c1900000| Complete 
|  14|0x00000000c1a00000, 0x00000000c1b00000, 0x00000000c1b00000|100%| O|  |TAMS 0x00000000c1b00000, 0x00000000c1a00000| Untracked 
|  15|0x00000000c1b00000, 0x00000000c1c00000, 0x00000000c1c00000|100%| O|  |TAMS 0x00000000c1c00000, 0x00000000c1b00000| Complete 
|  16|0x00000000c1c00000, 0x00000000c1d00000, 0x00000000c1d00000|100%| O|  |TAMS 0x00000000c1d00000, 0x00000000c1c00000| Untracked 
|  17|0x00000000c1d00000, 0x00000000c1e00000, 0x00000000c1e00000|100%| O|  |TAMS 0x00000000c1e00000, 0x00000000c1d00000| Untracked 
|  18|0x00000000c1e00000, 0x00000000c1f00000, 0x00000000c1f00000|100%| O|  |TAMS 0x00000000c1f00000, 0x00000000c1e00000| Untracked 
|  19|0x00000000c1f00000, 0x00000000c2000000, 0x00000000c2000000|100%| O|  |TAMS 0x00000000c2000000, 0x00000000c1f00000| Complete 
|  20|0x00000000c2000000, 0x00000000c2100000, 0x00000000c2100000|100%| O|  |TAMS 0x00000000c2100000, 0x00000000c2000000| Complete 
|  21|0x00000000c2100000, 0x00000000c2200000, 0x00000000c2200000|100%| O|  |TAMS 0x00000000c2200000, 0x00000000c2100000| Untracked 
|  22|0x00000000c2200000, 0x00000000c2300000, 0x00000000c2300000|100%| O|  |TAMS 0x00000000c2300000, 0x00000000c2200000| Untracked 
|  23|0x00000000c2300000, 0x00000000c2400000, 0x00000000c2400000|100%| O|  |TAMS 0x00000000c2400000, 0x00000000c2300000| Complete 
|  24|0x00000000c2400000, 0x00000000c2500000, 0x00000000c2500000|100%| O|  |TAMS 0x00000000c2500000, 0x00000000c2400000| Untracked 
|  25|0x00000000c2500000, 0x00000000c2600000, 0x00000000c2600000|100%| O|  |TAMS 0x00000000c2600000, 0x00000000c2500000| Complete 
|  26|0x00000000c2600000, 0x00000000c2700000, 0x00000000c2700000|100%| O|  |TAMS 0x00000000c2700000, 0x00000000c2600000| Complete 
|  27|0x00000000c2700000, 0x00000000c2800000, 0x00000000c2800000|100%| O|  |TAMS 0x00000000c2800000, 0x00000000c2700000| Complete 
|  28|0x00000000c2800000, 0x00000000c2900000, 0x00000000c2900000|100%| O|  |TAMS 0x00000000c2900000, 0x00000000c2800000| Untracked 
|  29|0x00000000c2900000, 0x00000000c2a00000, 0x00000000c2a00000|100%| O|  |TAMS 0x00000000c2a00000, 0x00000000c2900000| Untracked 
|  30|0x00000000c2a00000, 0x00000000c2b00000, 0x00000000c2b00000|100%| O|  |TAMS 0x00000000c2b00000, 0x00000000c2a00000| Complete 
|  31|0x00000000c2b00000, 0x00000000c2c00000, 0x00000000c2c00000|100%| O|  |TAMS 0x00000000c2c00000, 0x00000000c2b00000| Complete 
|  32|0x00000000c2c00000, 0x00000000c2d00000, 0x00000000c2d00000|100%| O|  |TAMS 0x00000000c2d00000, 0x00000000c2c00000| Untracked 
|  33|0x00000000c2d00000, 0x00000000c2e00000, 0x00000000c2e00000|100%| O|  |TAMS 0x00000000c2e00000, 0x00000000c2d00000| Untracked 
|  34|0x00000000c2e00000, 0x00000000c2f00000, 0x00000000c2f00000|100%| O|  |TAMS 0x00000000c2f00000, 0x00000000c2e00000| Complete 
|  35|0x00000000c2f00000, 0x00000000c3000000, 0x00000000c3000000|100%| O|  |TAMS 0x00000000c3000000, 0x00000000c2f00000| Complete 
|  36|0x00000000c3000000, 0x00000000c3100000, 0x00000000c3100000|100%| O|  |TAMS 0x00000000c3100000, 0x00000000c3000000| Untracked 
|  37|0x00000000c3100000, 0x00000000c3200000, 0x00000000c3200000|100%| O|  |TAMS 0x00000000c3200000, 0x00000000c3100000| Untracked 
|  38|0x00000000c3200000, 0x00000000c3300000, 0x00000000c3300000|100%| O|  |TAMS 0x00000000c3300000, 0x00000000c3200000| Untracked 
|  39|0x00000000c3300000, 0x00000000c3400000, 0x00000000c3400000|100%| O|  |TAMS 0x00000000c3400000, 0x00000000c3300000| Complete 
|  40|0x00000000c3400000, 0x00000000c3500000, 0x00000000c3500000|100%| O|  |TAMS 0x00000000c3500000, 0x00000000c3400000| Untracked 
|  41|0x00000000c3500000, 0x00000000c35c9000, 0x00000000c3600000| 78%| O|  |TAMS 0x00000000c35c9000, 0x00000000c3500000| Untracked 
|  42|0x00000000c3600000, 0x00000000c3600000, 0x00000000c3700000|  0%| F|  |TAMS 0x00000000c3600000, 0x00000000c3600000| Untracked 
|  43|0x00000000c3700000, 0x00000000c3700000, 0x00000000c3800000|  0%| F|  |TAMS 0x00000000c3700000, 0x00000000c3700000| Untracked 
|  44|0x00000000c3800000, 0x00000000c3800000, 0x00000000c3900000|  0%| F|  |TAMS 0x00000000c3800000, 0x00000000c3800000| Untracked 
|  45|0x00000000c3900000, 0x00000000c3900000, 0x00000000c3a00000|  0%| F|  |TAMS 0x00000000c3900000, 0x00000000c3900000| Untracked 
|  46|0x00000000c3a00000, 0x00000000c3a00000, 0x00000000c3b00000|  0%| F|  |TAMS 0x00000000c3a00000, 0x00000000c3a00000| Untracked 
|  47|0x00000000c3b00000, 0x00000000c3b00000, 0x00000000c3c00000|  0%| F|  |TAMS 0x00000000c3b00000, 0x00000000c3b00000| Untracked 
|  48|0x00000000c3c00000, 0x00000000c3c00000, 0x00000000c3d00000|  0%| F|  |TAMS 0x00000000c3c00000, 0x00000000c3c00000| Untracked 
|  49|0x00000000c3d00000, 0x00000000c3d00000, 0x00000000c3e00000|  0%| F|  |TAMS 0x00000000c3d00000, 0x00000000c3d00000| Untracked 
|  50|0x00000000c3e00000, 0x00000000c3e00000, 0x00000000c3f00000|  0%| F|  |TAMS 0x00000000c3e00000, 0x00000000c3e00000| Untracked 
|  51|0x00000000c3f00000, 0x00000000c3f00000, 0x00000000c4000000|  0%| F|  |TAMS 0x00000000c3f00000, 0x00000000c3f00000| Untracked 
|  52|0x00000000c4000000, 0x00000000c4000000, 0x00000000c4100000|  0%| F|  |TAMS 0x00000000c4000000, 0x00000000c4000000| Untracked 
|  53|0x00000000c4100000, 0x00000000c4100000, 0x00000000c4200000|  0%| F|  |TAMS 0x00000000c4100000, 0x00000000c4100000| Untracked 
|  54|0x00000000c4200000, 0x00000000c4200000, 0x00000000c4300000|  0%| F|  |TAMS 0x00000000c4200000, 0x00000000c4200000| Untracked 
|  55|0x00000000c4300000, 0x00000000c4300000, 0x00000000c4400000|  0%| F|  |TAMS 0x00000000c4300000, 0x00000000c4300000| Untracked 
|  56|0x00000000c4400000, 0x00000000c4400000, 0x00000000c4500000|  0%| F|  |TAMS 0x00000000c4400000, 0x00000000c4400000| Untracked 
|  57|0x00000000c4500000, 0x00000000c4500000, 0x00000000c4600000|  0%| F|  |TAMS 0x00000000c4500000, 0x00000000c4500000| Untracked 
|  58|0x00000000c4600000, 0x00000000c4600000, 0x00000000c4700000|  0%| F|  |TAMS 0x00000000c4600000, 0x00000000c4600000| Untracked 
|  59|0x00000000c4700000, 0x00000000c4700000, 0x00000000c4800000|  0%| F|  |TAMS 0x00000000c4700000, 0x00000000c4700000| Untracked 
|  60|0x00000000c4800000, 0x00000000c4800000, 0x00000000c4900000|  0%| F|  |TAMS 0x00000000c4800000, 0x00000000c4800000| Untracked 
|  61|0x00000000c4900000, 0x00000000c4900000, 0x00000000c4a00000|  0%| F|  |TAMS 0x00000000c4900000, 0x00000000c4900000| Untracked 
|  62|0x00000000c4a00000, 0x00000000c4a00000, 0x00000000c4b00000|  0%| F|  |TAMS 0x00000000c4a00000, 0x00000000c4a00000| Untracked 
|  63|0x00000000c4b00000, 0x00000000c4b00000, 0x00000000c4c00000|  0%| F|  |TAMS 0x00000000c4b00000, 0x00000000c4b00000| Untracked 
|  64|0x00000000c4c00000, 0x00000000c4c00000, 0x00000000c4d00000|  0%| F|  |TAMS 0x00000000c4c00000, 0x00000000c4c00000| Untracked 
|  65|0x00000000c4d00000, 0x00000000c4d00000, 0x00000000c4e00000|  0%| F|  |TAMS 0x00000000c4d00000, 0x00000000c4d00000| Untracked 
|  66|0x00000000c4e00000, 0x00000000c4e00000, 0x00000000c4f00000|  0%| F|  |TAMS 0x00000000c4e00000, 0x00000000c4e00000| Untracked 
|  67|0x00000000c4f00000, 0x00000000c4f00000, 0x00000000c5000000|  0%| F|  |TAMS 0x00000000c4f00000, 0x00000000c4f00000| Untracked 
|  68|0x00000000c5000000, 0x00000000c5000000, 0x00000000c5100000|  0%| F|  |TAMS 0x00000000c5000000, 0x00000000c5000000| Untracked 
|  69|0x00000000c5100000, 0x00000000c5100000, 0x00000000c5200000|  0%| F|  |TAMS 0x00000000c5100000, 0x00000000c5100000| Untracked 
|  70|0x00000000c5200000, 0x00000000c5200000, 0x00000000c5300000|  0%| F|  |TAMS 0x00000000c5200000, 0x00000000c5200000| Untracked 
|  71|0x00000000c5300000, 0x00000000c5300000, 0x00000000c5400000|  0%| F|  |TAMS 0x00000000c5300000, 0x00000000c5300000| Untracked 
|  72|0x00000000c5400000, 0x00000000c5400000, 0x00000000c5500000|  0%| F|  |TAMS 0x00000000c5400000, 0x00000000c5400000| Untracked 
|  73|0x00000000c5500000, 0x00000000c5500000, 0x00000000c5600000|  0%| F|  |TAMS 0x00000000c5500000, 0x00000000c5500000| Untracked 
|  74|0x00000000c5600000, 0x00000000c5600000, 0x00000000c5700000|  0%| F|  |TAMS 0x00000000c5600000, 0x00000000c5600000| Untracked 
|  75|0x00000000c5700000, 0x00000000c5700000, 0x00000000c5800000|  0%| F|  |TAMS 0x00000000c5700000, 0x00000000c5700000| Untracked 
|  76|0x00000000c5800000, 0x00000000c5800000, 0x00000000c5900000|  0%| F|  |TAMS 0x00000000c5800000, 0x00000000c5800000| Untracked 
|  77|0x00000000c5900000, 0x00000000c5900000, 0x00000000c5a00000|  0%| F|  |TAMS 0x00000000c5900000, 0x00000000c5900000| Untracked 
|  78|0x00000000c5a00000, 0x00000000c5a00000, 0x00000000c5b00000|  0%| F|  |TAMS 0x00000000c5a00000, 0x00000000c5a00000| Untracked 
|  79|0x00000000c5b00000, 0x00000000c5b00000, 0x00000000c5c00000|  0%| F|  |TAMS 0x00000000c5b00000, 0x00000000c5b00000| Untracked 
|  80|0x00000000c5c00000, 0x00000000c5c00000, 0x00000000c5d00000|  0%| F|  |TAMS 0x00000000c5c00000, 0x00000000c5c00000| Untracked 
|  81|0x00000000c5d00000, 0x00000000c5d00000, 0x00000000c5e00000|  0%| F|  |TAMS 0x00000000c5d00000, 0x00000000c5d00000| Untracked 
|  82|0x00000000c5e00000, 0x00000000c5e00000, 0x00000000c5f00000|  0%| F|  |TAMS 0x00000000c5e00000, 0x00000000c5e00000| Untracked 
|  83|0x00000000c5f00000, 0x00000000c5f00000, 0x00000000c6000000|  0%| F|  |TAMS 0x00000000c5f00000, 0x00000000c5f00000| Untracked 
|  84|0x00000000c6000000, 0x00000000c6000000, 0x00000000c6100000|  0%| F|  |TAMS 0x00000000c6000000, 0x00000000c6000000| Untracked 
|  85|0x00000000c6100000, 0x00000000c6100000, 0x00000000c6200000|  0%| F|  |TAMS 0x00000000c6100000, 0x00000000c6100000| Untracked 
|  86|0x00000000c6200000, 0x00000000c6200000, 0x00000000c6300000|  0%| F|  |TAMS 0x00000000c6200000, 0x00000000c6200000| Untracked 
|  87|0x00000000c6300000, 0x00000000c6300000, 0x00000000c6400000|  0%| F|  |TAMS 0x00000000c6300000, 0x00000000c6300000| Untracked 
|  88|0x00000000c6400000, 0x00000000c6400000, 0x00000000c6500000|  0%| F|  |TAMS 0x00000000c6400000, 0x00000000c6400000| Untracked 
|  89|0x00000000c6500000, 0x00000000c6500000, 0x00000000c6600000|  0%| F|  |TAMS 0x00000000c6500000, 0x00000000c6500000| Untracked 
|  90|0x00000000c6600000, 0x00000000c6600000, 0x00000000c6700000|  0%| F|  |TAMS 0x00000000c6600000, 0x00000000c6600000| Untracked 
|  91|0x00000000c6700000, 0x00000000c6700000, 0x00000000c6800000|  0%| F|  |TAMS 0x00000000c6700000, 0x00000000c6700000| Untracked 
|  92|0x00000000c6800000, 0x00000000c6800000, 0x00000000c6900000|  0%| F|  |TAMS 0x00000000c6800000, 0x00000000c6800000| Untracked 
|  93|0x00000000c6900000, 0x00000000c6900000, 0x00000000c6a00000|  0%| F|  |TAMS 0x00000000c6900000, 0x00000000c6900000| Untracked 
|  94|0x00000000c6a00000, 0x00000000c6a00000, 0x00000000c6b00000|  0%| F|  |TAMS 0x00000000c6a00000, 0x00000000c6a00000| Untracked 
|  95|0x00000000c6b00000, 0x00000000c6b00000, 0x00000000c6c00000|  0%| F|  |TAMS 0x00000000c6b00000, 0x00000000c6b00000| Untracked 
|  96|0x00000000c6c00000, 0x00000000c6c00000, 0x00000000c6d00000|  0%| F|  |TAMS 0x00000000c6c00000, 0x00000000c6c00000| Untracked 
|  97|0x00000000c6d00000, 0x00000000c6d59a40, 0x00000000c6e00000| 35%| S|CS|TAMS 0x00000000c6d00000, 0x00000000c6d00000| Complete 
|  98|0x00000000c6e00000, 0x00000000c6f00000, 0x00000000c6f00000|100%| S|CS|TAMS 0x00000000c6e00000, 0x00000000c6e00000| Complete 
|  99|0x00000000c6f00000, 0x00000000c7000000, 0x00000000c7000000|100%| S|CS|TAMS 0x00000000c6f00000, 0x00000000c6f00000| Complete 
| 100|0x00000000c7000000, 0x00000000c7100000, 0x00000000c7100000|100%| S|CS|TAMS 0x00000000c7000000, 0x00000000c7000000| Complete 
| 101|0x00000000c7100000, 0x00000000c7100000, 0x00000000c7200000|  0%| F|  |TAMS 0x00000000c7100000, 0x00000000c7100000| Untracked 
| 102|0x00000000c7200000, 0x00000000c7200000, 0x00000000c7300000|  0%| F|  |TAMS 0x00000000c7200000, 0x00000000c7200000| Untracked 
| 103|0x00000000c7300000, 0x00000000c7300000, 0x00000000c7400000|  0%| F|  |TAMS 0x00000000c7300000, 0x00000000c7300000| Untracked 
| 104|0x00000000c7400000, 0x00000000c7400000, 0x00000000c7500000|  0%| F|  |TAMS 0x00000000c7400000, 0x00000000c7400000| Untracked 
| 105|0x00000000c7500000, 0x00000000c7580800, 0x00000000c7600000| 50%| E|  |TAMS 0x00000000c7500000, 0x00000000c7500000| Complete 
| 106|0x00000000c7600000, 0x00000000c7700000, 0x00000000c7700000|100%| E|CS|TAMS 0x00000000c7600000, 0x00000000c7600000| Complete 
| 107|0x00000000c7700000, 0x00000000c7800000, 0x00000000c7800000|100%| E|CS|TAMS 0x00000000c7700000, 0x00000000c7700000| Complete 
| 108|0x00000000c7800000, 0x00000000c7900000, 0x00000000c7900000|100%| E|CS|TAMS 0x00000000c7800000, 0x00000000c7800000| Complete 
| 109|0x00000000c7900000, 0x00000000c7a00000, 0x00000000c7a00000|100%| E|CS|TAMS 0x00000000c7900000, 0x00000000c7900000| Complete 
| 110|0x00000000c7a00000, 0x00000000c7b00000, 0x00000000c7b00000|100%| E|CS|TAMS 0x00000000c7a00000, 0x00000000c7a00000| Complete 
| 111|0x00000000c7b00000, 0x00000000c7c00000, 0x00000000c7c00000|100%| E|CS|TAMS 0x00000000c7b00000, 0x00000000c7b00000| Complete 

Card table byte_map: [0x00000298f7ac0000,0x00000298f7cc0000] _byte_map_base: 0x00000298f74ba000

Marking Bits (Prev, Next): (CMBitMap*) 0x00000298f7d1a0b0, (CMBitMap*) 0x00000298f7d1a078
 Prev Bits: [0x00000298fc9a0000, 0x00000298fd970000)
 Next Bits: [0x00000298fb9d0000, 0x00000298fc9a0000)

Polling page: 0x00000298f5bd0000

Metaspace:

Usage:
  Non-class:     51.81 MB capacity,    51.51 MB (>99%) used,   228.91 KB ( <1%) free+waste,    83.63 KB ( <1%) overhead. 
      Class:      6.80 MB capacity,     6.57 MB ( 97%) used,   202.23 KB (  3%) free+waste,    34.44 KB ( <1%) overhead. 
       Both:     58.61 MB capacity,    58.07 MB (>99%) used,   431.13 KB ( <1%) free+waste,   118.06 KB ( <1%) overhead. 

Virtual space:
  Non-class space:       52.00 MB reserved,      52.00 MB (100%) committed 
      Class space:        1.00 GB reserved,       6.84 MB ( <1%) committed 
             Both:        1.05 GB reserved,      58.84 MB (  5%) committed 

Chunk freelists:
   Non-Class:  63.00 KB
       Class:  16.00 KB
        Both:  79.00 KB

MaxMetaspaceSize: 17179869184.00 GB
CompressedClassSpaceSize: 1.00 GB

CodeHeap 'non-profiled nmethods': size=120064Kb used=2499Kb max_used=2499Kb free=117564Kb
 bounds [0x0000029887ac0000, 0x0000029887d40000, 0x000002988f000000]
CodeHeap 'profiled nmethods': size=120000Kb used=15775Kb max_used=15775Kb free=104224Kb
 bounds [0x0000029880590000, 0x0000029881500000, 0x0000029887ac0000]
CodeHeap 'non-nmethods': size=5696Kb used=1234Kb max_used=1257Kb free=4461Kb
 bounds [0x0000029880000000, 0x0000029880270000, 0x0000029880590000]
 total_blobs=6532 nmethods=5915 adapters=529
 compilation: enabled
              stopped_count=0, restarted_count=0
 full_count=0

Compilation events (20 events):
Event: 17.099 Thread 0x00000298ffd98800 5890       3       org.jetbrains.kotlin.backend.common.serialization.IrModuleDeserializerWithBuiltIns::checkIsFunctionInterface (72 bytes)
Event: 17.100 Thread 0x00000298ffd98800 nmethod 5890 0x00000298814ae810 code [0x00000298814aea60, 0x00000298814af208]
Event: 17.105 Thread 0x00000298ffd98800 5891       3       org.jetbrains.kotlin.ir.declarations.lazy.IrLazyFunctionBase$DefaultImpls::createLazyParent (14 bytes)
Event: 17.107 Thread 0x00000298ffd98800 nmethod 5891 0x00000298814af510 code [0x00000298814af920, 0x00000298814b12c8]
Event: 17.107 Thread 0x00000298ffd98800 5892       3       org.jetbrains.kotlin.ir.declarations.lazy.IrLazyFunctionBase$DefaultImpls::createLazyAnnotations (14 bytes)
Event: 17.109 Thread 0x00000298ffd98800 nmethod 5892 0x00000298814b1b90 code [0x00000298814b1fa0, 0x00000298814b3948]
Event: 17.109 Thread 0x00000298ffd98800 5893       3       org.jetbrains.kotlin.ir.declarations.lazy.IrLazyFunctionBase$DefaultImpls::createInitialSignatureFunction (24 bytes)
Event: 17.110 Thread 0x00000298ffd98800 nmethod 5893 0x00000298814b4210 code [0x00000298814b4460, 0x00000298814b4be8]
Event: 17.112 Thread 0x00000298ffd98800 5894       3       org.jetbrains.kotlin.ir.util.DeclarationStubGenerator$generateFunctionStub$1::<init> (21 bytes)
Event: 17.112 Thread 0x00000298ffd98800 nmethod 5894 0x00000298814b4f10 code [0x00000298814b50e0, 0x00000298814b53b8]
Event: 17.112 Thread 0x00000298ffd98800 5895       3       org.jetbrains.kotlin.ir.util.DeclarationStubGenerator$generateFunctionStub$1::invoke (9 bytes)
Event: 17.112 Thread 0x00000298ffd98800 nmethod 5895 0x00000298814b5490 code [0x00000298814b5660, 0x00000298814b5888]
Event: 17.113 Thread 0x00000298ffd98800 5896       3       org.jetbrains.kotlin.ir.declarations.lazy.IrLazyFunction::<init> (379 bytes)
Event: 17.126 Thread 0x00000298ffd98800 nmethod 5896 0x00000298814b5990 code [0x00000298814b69a0, 0x00000298814c04d8]
Event: 17.127 Thread 0x00000298ffd98800 5898       3       org.jetbrains.kotlin.ir.util.DeclarationStubGenerator::generateFunctionStub (201 bytes)
Event: 17.129 Thread 0x00000298ffd98800 nmethod 5898 0x00000298814c3990 code [0x00000298814c3e20, 0x00000298814c6058]
Event: 17.129 Thread 0x00000298ffd98800 5897       1       org.jetbrains.kotlin.resolve.calls.inference.CapturedTypeConstructorImpl::getProjection (5 bytes)
Event: 17.129 Thread 0x00000298ffd98800 nmethod 5897 0x0000029887d2f490 code [0x0000029887d2f640, 0x0000029887d2f6f8]
Event: 17.133 Thread 0x00000298ffd98800 5899       3       org.jetbrains.kotlin.ir.util.DeclarationStubGenerator$generateFunctionStub$1::invoke (163 bytes)
Event: 17.135 Thread 0x00000298ffd98800 nmethod 5899 0x00000298814c6990 code [0x00000298814c6ce0, 0x00000298814c7f18]

GC Heap History (20 events):
Event: 6.299 GC heap before
{Heap before GC invocations=6 (full 0):
 garbage-first heap   total 78848K, used 44054K [0x00000000c0c00000, 0x0000000100000000)
  region size 1024K, 30 young (30720K), 3 survivors (3072K)
 Metaspace       used 32952K, capacity 33428K, committed 33536K, reserved 1079296K
  class space    used 4117K, capacity 4310K, committed 4352K, reserved 1048576K
}
Event: 6.316 GC heap after
{Heap after GC invocations=7 (full 0):
 garbage-first heap   total 78848K, used 20091K [0x00000000c0c00000, 0x0000000100000000)
  region size 1024K, 4 young (4096K), 4 survivors (4096K)
 Metaspace       used 32952K, capacity 33428K, committed 33536K, reserved 1079296K
  class space    used 4117K, capacity 4310K, committed 4352K, reserved 1048576K
}
Event: 6.714 GC heap before
{Heap before GC invocations=7 (full 0):
 garbage-first heap   total 78848K, used 29307K [0x00000000c0c00000, 0x0000000100000000)
  region size 1024K, 14 young (14336K), 4 survivors (4096K)
 Metaspace       used 35019K, capacity 35456K, committed 35584K, reserved 1081344K
  class space    used 4334K, capacity 4538K, committed 4608K, reserved 1048576K
}
Event: 6.730 GC heap after
{Heap after GC invocations=8 (full 0):
 garbage-first heap   total 78848K, used 21521K [0x00000000c0c00000, 0x0000000100000000)
  region size 1024K, 2 young (2048K), 2 survivors (2048K)
 Metaspace       used 35019K, capacity 35456K, committed 35584K, reserved 1081344K
  class space    used 4334K, capacity 4538K, committed 4608K, reserved 1048576K
}
Event: 7.569 GC heap before
{Heap before GC invocations=9 (full 0):
 garbage-first heap   total 78848K, used 43025K [0x00000000c0c00000, 0x0000000100000000)
  region size 1024K, 24 young (24576K), 2 survivors (2048K)
 Metaspace       used 39301K, capacity 39806K, committed 40064K, reserved 1085440K
  class space    used 4722K, capacity 4897K, committed 4992K, reserved 1048576K
}
Event: 7.578 GC heap after
{Heap after GC invocations=10 (full 0):
 garbage-first heap   total 78848K, used 23887K [0x00000000c0c00000, 0x0000000100000000)
  region size 1024K, 3 young (3072K), 3 survivors (3072K)
 Metaspace       used 39301K, capacity 39806K, committed 40064K, reserved 1085440K
  class space    used 4722K, capacity 4897K, committed 4992K, reserved 1048576K
}
Event: 8.958 GC heap before
{Heap before GC invocations=10 (full 0):
 garbage-first heap   total 78848K, used 46415K [0x00000000c0c00000, 0x0000000100000000)
  region size 1024K, 26 young (26624K), 3 survivors (3072K)
 Metaspace       used 45020K, capacity 45523K, committed 45568K, reserved 1089536K
  class space    used 5401K, capacity 5609K, committed 5632K, reserved 1048576K
}
Event: 8.972 GC heap after
{Heap after GC invocations=11 (full 0):
 garbage-first heap   total 78848K, used 25798K [0x00000000c0c00000, 0x0000000100000000)
  region size 1024K, 2 young (2048K), 2 survivors (2048K)
 Metaspace       used 45020K, capacity 45523K, committed 45568K, reserved 1089536K
  class space    used 5401K, capacity 5609K, committed 5632K, reserved 1048576K
}
Event: 9.980 GC heap before
{Heap before GC invocations=11 (full 0):
 garbage-first heap   total 78848K, used 50374K [0x00000000c0c00000, 0x0000000100000000)
  region size 1024K, 25 young (25600K), 2 survivors (2048K)
 Metaspace       used 46240K, capacity 46752K, committed 46976K, reserved 1091584K
  class space    used 5472K, capacity 5675K, committed 5760K, reserved 1048576K
}
Event: 10.001 GC heap after
{Heap after GC invocations=12 (full 0):
 garbage-first heap   total 95232K, used 31744K [0x00000000c0c00000, 0x0000000100000000)
  region size 1024K, 4 young (4096K), 4 survivors (4096K)
 Metaspace       used 46240K, capacity 46752K, committed 46976K, reserved 1091584K
  class space    used 5472K, capacity 5675K, committed 5760K, reserved 1048576K
}
Event: 11.693 GC heap before
{Heap before GC invocations=12 (full 0):
 garbage-first heap   total 95232K, used 59392K [0x00000000c0c00000, 0x0000000100000000)
  region size 1024K, 31 young (31744K), 4 survivors (4096K)
 Metaspace       used 49138K, capacity 49618K, committed 50048K, reserved 1093632K
  class space    used 5699K, capacity 5905K, committed 6016K, reserved 1048576K
}
Event: 11.718 GC heap after
{Heap after GC invocations=13 (full 0):
 garbage-first heap   total 95232K, used 35455K [0x00000000c0c00000, 0x0000000100000000)
  region size 1024K, 4 young (4096K), 4 survivors (4096K)
 Metaspace       used 49138K, capacity 49618K, committed 50048K, reserved 1093632K
  class space    used 5699K, capacity 5905K, committed 6016K, reserved 1048576K
}
Event: 13.542 GC heap before
{Heap before GC invocations=13 (full 0):
 garbage-first heap   total 95232K, used 62079K [0x00000000c0c00000, 0x0000000100000000)
  region size 1024K, 30 young (30720K), 4 survivors (4096K)
 Metaspace       used 50002K, capacity 50560K, committed 50816K, reserved 1093632K
  class space    used 5736K, capacity 5941K, committed 6016K, reserved 1048576K
}
Event: 13.571 GC heap after
{Heap after GC invocations=14 (full 0):
 garbage-first heap   total 95232K, used 40316K [0x00000000c0c00000, 0x0000000100000000)
  region size 1024K, 4 young (4096K), 4 survivors (4096K)
 Metaspace       used 50002K, capacity 50560K, committed 50816K, reserved 1093632K
  class space    used 5736K, capacity 5941K, committed 6016K, reserved 1048576K
}
Event: 14.506 GC heap before
{Heap before GC invocations=14 (full 0):
 garbage-first heap   total 95232K, used 64892K [0x00000000c0c00000, 0x0000000100000000)
  region size 1024K, 29 young (29696K), 4 survivors (4096K)
 Metaspace       used 53274K, capacity 53851K, committed 54016K, reserved 1097728K
  class space    used 6108K, capacity 6313K, committed 6400K, reserved 1048576K
}
Event: 14.525 GC heap after
{Heap after GC invocations=15 (full 0):
 garbage-first heap   total 95232K, used 42488K [0x00000000c0c00000, 0x0000000100000000)
  region size 1024K, 2 young (2048K), 2 survivors (2048K)
 Metaspace       used 53274K, capacity 53851K, committed 54016K, reserved 1097728K
  class space    used 6108K, capacity 6313K, committed 6400K, reserved 1048576K
}
Event: 16.282 GC heap before
{Heap before GC invocations=15 (full 0):
 garbage-first heap   total 95232K, used 67064K [0x00000000c0c00000, 0x0000000100000000)
  region size 1024K, 27 young (27648K), 2 survivors (2048K)
 Metaspace       used 57966K, capacity 58513K, committed 58880K, reserved 1101824K
  class space    used 6604K, capacity 6800K, committed 6912K, reserved 1048576K
}
Event: 16.304 GC heap after
{Heap after GC invocations=16 (full 0):
 garbage-first heap   total 114688K, used 45056K [0x00000000c0c00000, 0x0000000100000000)
  region size 1024K, 4 young (4096K), 4 survivors (4096K)
 Metaspace       used 57966K, capacity 58513K, committed 58880K, reserved 1101824K
  class space    used 6604K, capacity 6800K, committed 6912K, reserved 1048576K
}
Event: 16.871 GC heap before
{Heap before GC invocations=16 (full 0):
 garbage-first heap   total 114688K, used 55296K [0x00000000c0c00000, 0x0000000100000000)
  region size 1024K, 15 young (15360K), 4 survivors (4096K)
 Metaspace       used 59065K, capacity 59601K, committed 59736K, reserved 1101824K
  class space    used 6686K, capacity 6928K, committed 7000K, reserved 1048576K
}
Event: 16.892 GC heap after
{Heap after GC invocations=17 (full 0):
 garbage-first heap   total 114688K, used 46218K [0x00000000c0c00000, 0x0000000100000000)
  region size 1024K, 4 young (4096K), 4 survivors (4096K)
 Metaspace       used 59065K, capacity 59601K, committed 59736K, reserved 1101824K
  class space    used 6686K, capacity 6928K, committed 7000K, reserved 1048576K
}

Deoptimization events (20 events):
Event: 16.813 Thread 0x00000298f7ce9800 Uncommon trap: trap_request=0xffffffde fr.pc=0x0000029887c69aa4 relative=0x00000000000004e4
Event: 16.813 Thread 0x00000298f7ce9800 Uncommon trap: reason=class_check action=maybe_recompile pc=0x0000029887c69aa4 method=java.util.regex.Matcher.search(I)Z @ 121 c2
Event: 16.813 Thread 0x00000298f7ce9800 DEOPT PACKING pc=0x0000029887c69aa4 sp=0x000000d70eefe5f0
Event: 16.813 Thread 0x00000298f7ce9800 DEOPT UNPACKING pc=0x0000029880026ca9 sp=0x000000d70eefe5b0 mode 2
Event: 16.814 Thread 0x00000298f7ce9800 Uncommon trap: trap_request=0xffffffde fr.pc=0x0000029887be4a48 relative=0x00000000000001e8
Event: 16.814 Thread 0x00000298f7ce9800 Uncommon trap: reason=class_check action=maybe_recompile pc=0x0000029887be4a48 method=java.util.regex.Pattern$BmpCharProperty.match(Ljava/util/regex/Matcher;ILjava/lang/CharSequence;)Z @ 36 c2
Event: 16.814 Thread 0x00000298f7ce9800 DEOPT PACKING pc=0x0000029887be4a48 sp=0x000000d70eefe470
Event: 16.815 Thread 0x00000298f7ce9800 DEOPT UNPACKING pc=0x0000029880026ca9 sp=0x000000d70eefe428 mode 2
Event: 16.815 Thread 0x00000298f7ce9800 Uncommon trap: trap_request=0xffffffde fr.pc=0x0000029887be4a48 relative=0x00000000000001e8
Event: 16.815 Thread 0x00000298f7ce9800 Uncommon trap: reason=class_check action=maybe_recompile pc=0x0000029887be4a48 method=java.util.regex.Pattern$BmpCharProperty.match(Ljava/util/regex/Matcher;ILjava/lang/CharSequence;)Z @ 36 c2
Event: 16.815 Thread 0x00000298f7ce9800 DEOPT PACKING pc=0x0000029887be4a48 sp=0x000000d70eefe470
Event: 16.815 Thread 0x00000298f7ce9800 DEOPT UNPACKING pc=0x0000029880026ca9 sp=0x000000d70eefe428 mode 2
Event: 16.815 Thread 0x00000298f7ce9800 Uncommon trap: trap_request=0xffffffde fr.pc=0x0000029887be4a48 relative=0x00000000000001e8
Event: 16.815 Thread 0x00000298f7ce9800 Uncommon trap: reason=class_check action=maybe_recompile pc=0x0000029887be4a48 method=java.util.regex.Pattern$BmpCharProperty.match(Ljava/util/regex/Matcher;ILjava/lang/CharSequence;)Z @ 36 c2
Event: 16.815 Thread 0x00000298f7ce9800 DEOPT PACKING pc=0x0000029887be4a48 sp=0x000000d70eefe470
Event: 16.815 Thread 0x00000298f7ce9800 DEOPT UNPACKING pc=0x0000029880026ca9 sp=0x000000d70eefe428 mode 2
Event: 16.815 Thread 0x00000298f7ce9800 Uncommon trap: trap_request=0xffffffde fr.pc=0x0000029887be4a48 relative=0x00000000000001e8
Event: 16.815 Thread 0x00000298f7ce9800 Uncommon trap: reason=class_check action=maybe_recompile pc=0x0000029887be4a48 method=java.util.regex.Pattern$BmpCharProperty.match(Ljava/util/regex/Matcher;ILjava/lang/CharSequence;)Z @ 36 c2
Event: 16.815 Thread 0x00000298f7ce9800 DEOPT PACKING pc=0x0000029887be4a48 sp=0x000000d70eefe470
Event: 16.815 Thread 0x00000298f7ce9800 DEOPT UNPACKING pc=0x0000029880026ca9 sp=0x000000d70eefe428 mode 2

Classes redefined (0 events):
No events

Internal exceptions (20 events):
Event: 4.176 Thread 0x00000298f7ce9800 Exception <a 'sun/nio/fs/WindowsException'{0x00000000c3a9bee0}> (0x00000000c3a9bee0) thrown at [./src/hotspot/share/prims/jni.cpp, line 615]
Event: 4.176 Thread 0x00000298f7ce9800 Exception <a 'sun/nio/fs/WindowsException'{0x00000000c3a9c8e8}> (0x00000000c3a9c8e8) thrown at [./src/hotspot/share/prims/jni.cpp, line 615]
Event: 4.176 Thread 0x00000298f7ce9800 Exception <a 'sun/nio/fs/WindowsException'{0x00000000c3a9d200}> (0x00000000c3a9d200) thrown at [./src/hotspot/share/prims/jni.cpp, line 615]
Event: 4.177 Thread 0x00000298f7ce9800 Exception <a 'sun/nio/fs/WindowsException'{0x00000000c3a9db48}> (0x00000000c3a9db48) thrown at [./src/hotspot/share/prims/jni.cpp, line 615]
Event: 4.185 Thread 0x00000298f7ce9800 Exception <a 'java/lang/NoSuchMethodError'{0x00000000c3aa44c0}: 'void java.lang.invoke.DirectMethodHandle$Holder.invokeStatic(java.lang.Object, java.lang.Object, java.lang.Object, java.lang.Object)'> (0x00000000c3aa44c0) thrown at [./src/hotspot/share/interpreter/linkResolver.cpp, line 773]
Event: 4.413 Thread 0x00000298f7ce9800 Exception <a 'java/lang/NoSuchMethodError'{0x00000000c36894a8}: 'void java.lang.invoke.DirectMethodHandle$Holder.invokeStaticInit(java.lang.Object, java.lang.Object)'> (0x00000000c36894a8) thrown at [./src/hotspot/share/interpreter/linkResolver.cpp, line 773]
Event: 4.780 Thread 0x00000298f7ce9800 Exception <a 'java/lang/NoSuchMethodError'{0x00000000c57b1ed0}: 'void java.lang.invoke.DirectMethodHandle$Holder.invokeVirtual(java.lang.Object, java.lang.Object)'> (0x00000000c57b1ed0) thrown at [./src/hotspot/share/interpreter/linkResolver.cpp, line 773]
Event: 4.807 Thread 0x00000298f7ce9800 Exception <a 'java/lang/NoSuchMethodError'{0x00000000c5625598}: 'int java.lang.invoke.DirectMethodHandle$Holder.invokeVirtual(java.lang.Object, java.lang.Object)'> (0x00000000c5625598) thrown at [./src/hotspot/share/interpreter/linkResolver.cpp, line 773]
Event: 6.569 Thread 0x00000298f7ce9800 Exception <a 'java/lang/NoSuchMethodError'{0x00000000c53ff1f8}: 'java.lang.Object java.lang.invoke.DirectMethodHandle$Holder.invokeVirtual(java.lang.Object, java.lang.Object, java.lang.Object)'> (0x00000000c53ff1f8) thrown at [./src/hotspot/share/interpreter/linkResolver.cpp, line 773]
Event: 8.303 Thread 0x00000298f7ce9800 Exception <a 'java/lang/NoSuchMethodError'{0x00000000c4aca980}: 'java.lang.Object java.lang.invoke.DirectMethodHandle$Holder.invokeStatic(java.lang.Object, java.lang.Object, java.lang.Object, int)'> (0x00000000c4aca980) thrown at [./src/hotspot/share/interpreter/linkResolver.cpp, line 773]
Event: 8.304 Thread 0x00000298f7ce9800 Exception <a 'java/lang/NoSuchMethodError'{0x00000000c4ace5f0}: 'java.lang.Object java.lang.invoke.DirectMethodHandle$Holder.invokeSpecial(java.lang.Object, java.lang.Object, java.lang.Object, java.lang.Object, int)'> (0x00000000c4ace5f0) thrown at [./src/hotspot/share/interpreter/linkResolver.cpp, line 773]
Event: 8.304 Thread 0x00000298f7ce9800 Exception <a 'java/lang/NoSuchMethodError'{0x00000000c4ad1900}: 'java.lang.Object java.lang.invoke.Invokers$Holder.linkToTargetMethod(java.lang.Object, java.lang.Object, int, java.lang.Object)'> (0x00000000c4ad1900) thrown at [./src/hotspot/share/interpreter/linkResolver.cpp, line 773]
Event: 8.459 Thread 0x00000298f7ce9800 Implicit null exception at 0x0000029887ba9ff5 to 0x0000029887baa0c0
Event: 8.931 Thread 0x00000298f7ce9800 Exception <a 'java/lang/NoSuchMethodError'{0x00000000c42a8208}: 'java.lang.Object java.lang.invoke.Invokers$Holder.linkToTargetMethod(java.lang.Object, int, java.lang.Object)'> (0x00000000c42a8208) thrown at [./src/hotspot/share/interpreter/linkResolver.cpp, line 773]
Event: 10.884 Thread 0x00000298f7ce9800 Exception <a 'java/lang/NoSuchMethodError'{0x00000000c53c5b78}: 'java.lang.Object java.lang.invoke.DirectMethodHandle$Holder.invokeStaticInit(java.lang.Object, java.lang.Object, java.lang.Object)'> (0x00000000c53c5b78) thrown at [./src/hotspot/share/interpreter/linkResolver.cpp, line 773]
Event: 13.872 Thread 0x00000298f7ce9800 Implicit null exception at 0x0000029887b15b5e to 0x0000029887b162c6
Event: 13.872 Thread 0x00000298f7ce9800 Implicit null exception at 0x0000029887ba552f to 0x0000029887ba559d
Event: 13.928 Thread 0x00000298f7ce9800 Exception <a 'java/lang/NoSuchMethodError'{0x00000000c60486a8}: 'java.lang.Object java.lang.invoke.Invokers$Holder.linkToTargetMethod(java.lang.Object, java.lang.Object, java.lang.Object, java.lang.Object, java.lang.Object, java.lang.Object)'> (0x00000000c60486a8) thrown at [./src/hotspot/share/interpreter/linkResolver.cpp, line 773]
Event: 14.529 Thread 0x00000298f7ce9800 Implicit null exception at 0x0000029887b13575 to 0x0000029887b1373c
Event: 15.579 Thread 0x00000298f7ce9800 Exception <a 'java/lang/NoSuchMethodError'{0x00000000c58f2748}: 'int java.lang.invoke.DirectMethodHandle$Holder.invokeStaticInit(java.lang.Object, java.lang.Object, java.lang.Object, java.lang.Object)'> (0x00000000c58f2748) thrown at [./src/hotspot/share/interpreter/linkResolver.cpp, line 773]

Events (20 events):
Event: 17.141 loading class org/jetbrains/kotlin/backend/jvm/JvmIrCodegenFactory$convertToIr$3
Event: 17.141 loading class org/jetbrains/kotlin/backend/jvm/JvmIrCodegenFactory$convertToIr$3 done
Event: 17.142 loading class org/jetbrains/kotlin/backend/jvm/JvmBackendContext
Event: 17.142 loading class org/jetbrains/kotlin/backend/jvm/JvmBackendContext done
Event: 17.143 loading class org/jetbrains/kotlin/backend/common/CommonBackendContext
Event: 17.143 loading class org/jetbrains/kotlin/backend/common/CommonBackendContext done
Event: 17.144 loading class org/jetbrains/kotlin/backend/common/BackendContext
Event: 17.144 loading class org/jetbrains/kotlin/backend/common/BackendContext done
Event: 17.144 loading class org/jetbrains/kotlin/backend/common/LoggingContext
Event: 17.144 loading class org/jetbrains/kotlin/backend/common/LoggingContext done
Event: 17.146 loading class org/jetbrains/kotlin/backend/jvm/codegen/IrTypeMapper
Event: 17.146 loading class org/jetbrains/kotlin/backend/jvm/codegen/IrTypeMapper done
Event: 17.147 loading class org/jetbrains/kotlin/types/TypeMappingContext
Event: 17.147 loading class org/jetbrains/kotlin/types/TypeMappingContext done
Event: 17.148 loading class org/jetbrains/kotlin/backend/jvm/codegen/IrTypeCheckerContextForTypeMapping
Event: 17.148 loading class org/jetbrains/kotlin/backend/jvm/codegen/IrTypeCheckerContextForTypeMapping done
Event: 17.151 loading class org/jetbrains/kotlin/types/TypeSystemCommonBackendContextForTypeMapping
Event: 17.151 loading class org/jetbrains/kotlin/types/TypeSystemCommonBackendContextForTypeMapping done
Event: 17.154 loading class org/jetbrains/kotlin/backend/jvm/codegen/MethodSignatureMapper
Event: 17.154 loading class org/jetbrains/kotlin/backend/jvm/codegen/MethodSignatureMapper done


Dynamic libraries:
0x00007ff69be30000 - 0x00007ff69be3a000 	F:\AndroidStudio\jre\bin\java.exe
0x00007ffc0ba40000 - 0x00007ffc0bc21000 	C:\WINDOWS\SYSTEM32\ntdll.dll
0x00007ffc0b3d0000 - 0x00007ffc0b481000 	C:\WINDOWS\System32\KERNEL32.DLL
0x00007ffc08b30000 - 0x00007ffc08da3000 	C:\WINDOWS\System32\KERNELBASE.dll
0x00007ffc08500000 - 0x00007ffc085f8000 	C:\WINDOWS\System32\ucrtbase.dll
0x00007ffbfc6d0000 - 0x00007ffbfc6e9000 	F:\AndroidStudio\jre\bin\jli.dll
0x00007ffbfa2c0000 - 0x00007ffbfa2d7000 	F:\AndroidStudio\jre\bin\VCRUNTIME140.dll
0x00007ffc0ac60000 - 0x00007ffc0adf1000 	C:\WINDOWS\System32\USER32.dll
0x00007ffc08e30000 - 0x00007ffc08e50000 	C:\WINDOWS\System32\win32u.dll
0x00007ffbf7d00000 - 0x00007ffbf7f69000 	C:\WINDOWS\WinSxS\amd64_microsoft.windows.common-controls_6595b64144ccf1df_6.0.17134.1902_none_d3fc12d37c93a894\COMCTL32.dll
0x00007ffc0a990000 - 0x00007ffc0a9b8000 	C:\WINDOWS\System32\GDI32.dll
0x00007ffc0aa30000 - 0x00007ffc0aace000 	C:\WINDOWS\System32\msvcrt.dll
0x00007ffc08990000 - 0x00007ffc08b23000 	C:\WINDOWS\System32\gdi32full.dll
0x00007ffc0b640000 - 0x00007ffc0b961000 	C:\WINDOWS\System32\combase.dll
0x00007ffc087f0000 - 0x00007ffc0888f000 	C:\WINDOWS\System32\msvcp_win.dll
0x00007ffc0a310000 - 0x00007ffc0a434000 	C:\WINDOWS\System32\RPCRT4.dll
0x00007ffc08db0000 - 0x00007ffc08e29000 	C:\WINDOWS\System32\bcryptPrimitives.dll
0x00007ffc0a7c0000 - 0x00007ffc0a7ed000 	C:\WINDOWS\System32\IMM32.DLL
0x00007ffbf2960000 - 0x00007ffbf29fd000 	F:\AndroidStudio\jre\bin\msvcp140.dll
0x00007ffbfd910000 - 0x00007ffbfe3df000 	F:\AndroidStudio\jre\bin\server\jvm.dll
0x00007ffc0b590000 - 0x00007ffc0b631000 	C:\WINDOWS\System32\ADVAPI32.dll
0x00007ffc0ab30000 - 0x00007ffc0ab8b000 	C:\WINDOWS\System32\sechost.dll
0x00007ffc08eb0000 - 0x00007ffc08eb8000 	C:\WINDOWS\System32\PSAPI.DLL
0x00007ffc04500000 - 0x00007ffc04509000 	C:\WINDOWS\SYSTEM32\WSOCK32.dll
0x00007ffc0b510000 - 0x00007ffc0b57c000 	C:\WINDOWS\System32\WS2_32.dll
0x00007ffbf2f30000 - 0x00007ffbf2f3a000 	C:\WINDOWS\SYSTEM32\VERSION.dll
0x00007ffc05dd0000 - 0x00007ffc05df3000 	C:\WINDOWS\SYSTEM32\WINMM.dll
0x00007ffc05da0000 - 0x00007ffc05dca000 	C:\WINDOWS\SYSTEM32\WINMMBASE.dll
0x00007ffc08940000 - 0x00007ffc08989000 	C:\WINDOWS\System32\cfgmgr32.dll
0x00007ffc07d20000 - 0x00007ffc07d31000 	C:\WINDOWS\System32\kernel.appcore.dll
0x00007ffc01b20000 - 0x00007ffc01b31000 	F:\AndroidStudio\jre\bin\verify.dll
0x00007ffc06830000 - 0x00007ffc069f9000 	C:\WINDOWS\SYSTEM32\DBGHELP.DLL
0x00007ffbf2f00000 - 0x00007ffbf2f29000 	C:\WINDOWS\SYSTEM32\dbgcore.DLL
0x00007ffc01af0000 - 0x00007ffc01b19000 	F:\AndroidStudio\jre\bin\java.dll
0x00007ffc019a0000 - 0x00007ffc019ab000 	F:\AndroidStudio\jre\bin\jimage.dll
0x00007ffbffd30000 - 0x00007ffbffd48000 	F:\AndroidStudio\jre\bin\zip.dll
0x00007ffc08ec0000 - 0x00007ffc0a305000 	C:\WINDOWS\System32\SHELL32.dll
0x00007ffc0a710000 - 0x00007ffc0a7b9000 	C:\WINDOWS\System32\shcore.dll
0x00007ffc07de0000 - 0x00007ffc084f5000 	C:\WINDOWS\System32\windows.storage.dll
0x00007ffc0b4b0000 - 0x00007ffc0b501000 	C:\WINDOWS\System32\shlwapi.dll
0x00007ffc07d70000 - 0x00007ffc07d8f000 	C:\WINDOWS\System32\profapi.dll
0x00007ffc07d90000 - 0x00007ffc07ddc000 	C:\WINDOWS\System32\powrprof.dll
0x00007ffc07d60000 - 0x00007ffc07d6a000 	C:\WINDOWS\System32\FLTLIB.DLL
0x00007ffbff2a0000 - 0x00007ffbff2ba000 	F:\AndroidStudio\jre\bin\net.dll
0x00007ffbff790000 - 0x00007ffbff86d000 	C:\WINDOWS\SYSTEM32\WINHTTP.dll
0x00007ffc07540000 - 0x00007ffc075a6000 	C:\WINDOWS\system32\mswsock.dll
0x00007ffbff230000 - 0x00007ffbff244000 	F:\AndroidStudio\jre\bin\nio.dll

dbghelp: loaded successfully - version: 4.0.5 - missing functions: none
symbol engine: initialized successfully - sym options: 0x614 - pdb path: .;F:\AndroidStudio\jre\bin;C:\WINDOWS\SYSTEM32;C:\WINDOWS\WinSxS\amd64_microsoft.windows.common-controls_6595b64144ccf1df_6.0.17134.1902_none_d3fc12d37c93a894;F:\AndroidStudio\jre\bin\server

VM Arguments:
java_command: org.jetbrains.kotlin.cli.jvm.K2JVMCompiler @F:\MPOS\KvizProjekat\app\build\20240905_9954606185178127942.compiler.options
java_class_path (initial): C:\Users\Aleksandra\.gradle\caches\modules-2\files-2.1\org.jetbrains.kotlin\kotlin-compiler-embeddable\1.6.10\88f2073f4020cdb83132cfe940ceb9a60aba54ea\kotlin-compiler-embeddable-1.6.10.jar;C:\Users\Aleksandra\.gradle\caches\modules-2\files-2.1\org.jetbrains.kotlin\kotlin-reflect\1.6.10\1cbe9c92c12a94eea200d23c2bbaedaf3daf5132\kotlin-reflect-1.6.10.jar;C:\Users\Aleksandra\.gradle\caches\modules-2\files-2.1\org.jetbrains.kotlin\kotlin-stdlib\1.6.10\b8af3fe6f1ca88526914929add63cf5e7c5049af\kotlin-stdlib-1.6.10.jar;C:\Users\Aleksandra\.gradle\caches\modules-2\files-2.1\org.jetbrains.kotlin\kotlin-script-runtime\1.6.10\d0a7ff2e2500ef497ed0214ae40ad3c8387a6164\kotlin-script-runtime-1.6.10.jar;C:\Users\Aleksandra\.gradle\caches\modules-2\files-2.1\org.jetbrains.kotlin\kotlin-daemon-embeddable\1.6.10\a56d79bcbea411fa6058e4ecffc2de73e742bd2a\kotlin-daemon-embeddable-1.6.10.jar;C:\Users\Aleksandra\.gradle\caches\modules-2\files-2.1\org.jetbrains.intellij.deps\trove4j\1.0.20181211\216c2e14b070f334479d800987affe4054cd563f\trove4j-1.0.20181211.jar;C:\Users\Aleksandra\.gradle\caches\modules-2\files-2.1\net.java.dev.jna\jna\5.6.0\330f2244e9030119ab3030fc3fededc86713d9cc\jna-5.6.0.jar;C:\Users\Aleksandra\.gradle\caches\modules-2\files-2.1\org.jetbrains\annotations\13.0\919f0dfe192fb4e063e7dacadee7f8bb9a2672a9\annotations-13.0.jar;C:\Users\Aleksandra\.gradle\caches\modules-2\files-2.1\org.jetbrains.kotlin\kotlin-stdlib-common\1.6.10\c118700e3a33c8a0d9adc920e9dec0831171925\kotlin-stdlib-common-1.6.10.jar
Launcher Type: SUN_STANDARD

[Global flags]
     intx CICompilerCount                          = 2                                         {product} {ergonomic}
     uint ConcGCThreads                            = 1                                         {product} {ergonomic}
     uint G1ConcRefinementThreads                  = 2                                         {product} {ergonomic}
   size_t G1HeapRegionSize                         = 1048576                                   {product} {ergonomic}
    uintx GCDrainStackTargetSize                   = 64                                        {product} {ergonomic}
   size_t InitialHeapSize                          = 67108864                                  {product} {ergonomic}
   size_t MarkStackSize                            = 4194304                                   {product} {ergonomic}
   size_t MaxHeapSize                              = 1061158912                                {product} {ergonomic}
   size_t MaxNewSize                               = 636485632                                 {product} {ergonomic}
   size_t MinHeapDeltaBytes                        = 1048576                                   {product} {ergonomic}
    uintx NonNMethodCodeHeapSize                   = 5825164                                {pd product} {ergonomic}
    uintx NonProfiledCodeHeapSize                  = 122916538                              {pd product} {ergonomic}
    uintx ProfiledCodeHeapSize                     = 122916538                              {pd product} {ergonomic}
    uintx ReservedCodeCacheSize                    = 251658240                              {pd product} {ergonomic}
     bool SegmentedCodeCache                       = true                                      {product} {ergonomic}
     bool UseCompressedClassPointers               = true                                 {lp64_product} {ergonomic}
     bool UseCompressedOops                        = true                                 {lp64_product} {ergonomic}
     bool UseG1GC                                  = true                                      {product} {ergonomic}
     bool UseLargePagesIndividualAllocation        = false                                  {pd product} {ergonomic}

Logging:
Log output configuration:
 #0: stdout all=warning uptime,level,tags
 #1: stderr all=off uptime,level,tags

Environment Variables:
PATH=C:\Program Files\Common Files\Oracle\Java\javapath;C:\Program Files (x86)\Common Files\Oracle\Java\javapath;C:\ProgramData\Oracle\Java\javapath;C:\WINDOWS\system32;C:\WINDOWS;C:\WINDOWS\System32\Wbem;C:\WINDOWS\System32\WindowsPowerShell\v1.0\;c:\Program Files (x86)\Microsoft SQL Server\100\Tools\Binn\;c:\Program Files\Microsoft SQL Server\100\Tools\Binn\;c:\Program Files\Microsoft SQL Server\100\DTS\Binn\;C:\WINDOWS\System32\OpenSSH\;C:\Program Files\Microsoft SQL Server\Client SDK\ODBC\130\Tools\Binn\;C:\Program Files (x86)\Microsoft SQL Server\130\Tools\Binn\;C:\Program Files\Microsoft SQL Server\130\Tools\Binn\;C:\Program Files\Microsoft SQL Server\130\DTS\Binn\;C:\xampp\php;C:\ProgramData\ComposerSetup\bin;C:\Program Files\Git\cmd;C:\Program Files\Git\mingw64\bin;C:\Program Files\Git\usr\bin;C:\Program Files\nodejs\;C:\RailsInstaller\Git\cmd;C:\RailsInstaller\Ruby2.3.0\bin;C:\Users\Aleksandra\AppData\Local\Microsoft\WindowsApps;C:\Users\Aleksandra\AppData\Local\Programs\Microsoft VS Code\bin;C:\Users\Aleksandra\AppData\Roaming\Composer\vendor\bin;C:\Users\Aleksandra\AppData\Roaming\npm
USERNAME=Aleksandra
OS=Windows_NT
PROCESSOR_IDENTIFIER=Intel64 Family 6 Model 42 Stepping 7, GenuineIntel



---------------  S Y S T E M  ---------------

OS: Windows 10 , 64 bit Build 17134 (10.0.17134.1425)
OS uptime: 0 days 1:23 hours

CPU:total 2 (initial active 2) (2 cores per cpu, 1 threads per core) family 6 model 42 stepping 7 microcode 0x2f, cmov, cx8, fxsr, mmx, sse, sse2, sse3, ssse3, sse4.1, sse4.2, popcnt, clmul, tsc, tscinvbit

Memory: 4k page, system-wide physical 4043M (353M free)
TotalPageFile size 6056M (AvailPageFile size 12M)
current process WorkingSet (physical memory assigned to process): 256M, peak: 256M
current process commit charge ("private bytes"): 287M, peak: 288M

vm_info: OpenJDK 64-Bit Server VM (11.0.10+0-b96-7249189) for windows-amd64 JRE (11.0.10+0-b96-7249189), built on Mar 31 2021 21:44:00 by "builder" with MS VC++ 14.0 (VS2015)

END.
