#
# There is insufficient memory for the Java Runtime Environment to continue.
# Native memory allocation (malloc) failed to allocate 1996656 bytes for Chunk::new
# Possible reasons:
#   The system is out of physical RAM or swap space
#   The process is running with CompressedOops enabled, and the Java Heap may be blocking the growth of the native heap
# Possible solutions:
#   Reduce memory load on the system
#   Increase physical memory or swap space
#   Check if swap backing store is full
#   Decrease Java heap size (-Xmx/-Xms)
#   Decrease number of Java threads
#   Decrease Java thread stack sizes (-Xss)
#   Set larger code cache with -XX:ReservedCodeCacheSize=
#   JVM is running with Unscaled Compressed Oops mode in which the Java heap is
#     placed in the first 4GB address space. The Java Heap base address is the
#     maximum limit for the native heap growth. Please use -XX:HeapBaseMinAddress
#     to set the Java Heap base and to place the Java Heap above 4GB virtual address.
# This output file may be truncated or incomplete.
#
#  Out of Memory Error (./src/hotspot/share/memory/arena.cpp:197), pid=644, tid=2580
#
# JRE version: OpenJDK Runtime Environment (11.0.10) (build 11.0.10+0-b96-7249189)
# Java VM: OpenJDK 64-Bit Server VM (11.0.10+0-b96-7249189, mixed mode, tiered, compressed oops, g1 gc, windows-amd64)
# No core dump will be written. Minidumps are not enabled by default on client versions of Windows
#

---------------  S U M M A R Y ------------

Command Line: org.jetbrains.kotlin.cli.jvm.K2JVMCompiler @F:\MPOS\KvizProjekat\app\build\20240905_10254780673764684637.compiler.options

Host: Intel(R) Pentium(R) CPU B950 @ 2.10GHz, 2 cores, 3G,  Windows 10 , 64 bit Build 17134 (10.0.17134.1425)
Time: Thu Sep  5 09:12:15 2024 Central European Daylight Time elapsed time: 38.875035 seconds (0d 0h 0m 38s)

---------------  T H R E A D  ---------------

Current thread (0x000001ee92168800):  JavaThread "C2 CompilerThread0" daemon [_thread_in_native, id=2580, stack(0x00000011d0100000,0x00000011d0200000)]


Current CompileTask:
C2:  38875 5995       4       org.jetbrains.org.objectweb.asm.ClassReader::readMethod (1061 bytes)

Stack: [0x00000011d0100000,0x00000011d0200000]
Native frames: (J=compiled Java code, j=interpreted, Vv=VM code, C=native code)
V  [jvm.dll+0x5ecfaa]
V  [jvm.dll+0x722bd5]
V  [jvm.dll+0x72412d]
V  [jvm.dll+0x7247e3]
V  [jvm.dll+0x242928]
V  [jvm.dll+0xbc4fc]
V  [jvm.dll+0xbca0c]
V  [jvm.dll+0x352d7d]
V  [jvm.dll+0x320ad3]
V  [jvm.dll+0x31ffca]
V  [jvm.dll+0x1fb602]
V  [jvm.dll+0x1fa7f4]
V  [jvm.dll+0x18354c]
V  [jvm.dll+0x208ee7]
V  [jvm.dll+0x207731]
V  [jvm.dll+0x6eb1cf]
V  [jvm.dll+0x6e3d45]
V  [jvm.dll+0x5ebe96]
C  [ucrtbase.dll+0x1e3fe]
C  [KERNEL32.DLL+0x14034]
C  [ntdll.dll+0x73691]


---------------  P R O C E S S  ---------------

Threads class SMR info:
_java_thread_list=0x000001ee92b25810, length=10, elements={
0x000001eef8fc9800, 0x000001ee92123000, 0x000001ee92144800, 0x000001ee92161000,
0x000001ee92163000, 0x000001ee92164000, 0x000001ee92168800, 0x000001ee92169800,
0x000001ee921b1800, 0x000001ee92b28000
}

Java Threads: ( => current thread )
  0x000001eef8fc9800 JavaThread "main" [_thread_blocked, id=1452, stack(0x00000011cf500000,0x00000011cf600000)]
  0x000001ee92123000 JavaThread "Reference Handler" daemon [_thread_blocked, id=10000, stack(0x00000011cfc00000,0x00000011cfd00000)]
  0x000001ee92144800 JavaThread "Finalizer" daemon [_thread_blocked, id=3140, stack(0x00000011cfd00000,0x00000011cfe00000)]
  0x000001ee92161000 JavaThread "Signal Dispatcher" daemon [_thread_blocked, id=10724, stack(0x00000011cfe00000,0x00000011cff00000)]
  0x000001ee92163000 JavaThread "Attach Listener" daemon [_thread_blocked, id=1924, stack(0x00000011cff00000,0x00000011d0000000)]
  0x000001ee92164000 JavaThread "Service Thread" daemon [_thread_blocked, id=92, stack(0x00000011d0000000,0x00000011d0100000)]
=>0x000001ee92168800 JavaThread "C2 CompilerThread0" daemon [_thread_in_native, id=2580, stack(0x00000011d0100000,0x00000011d0200000)]
  0x000001ee92169800 JavaThread "C1 CompilerThread0" daemon [_thread_blocked, id=7972, stack(0x00000011d0200000,0x00000011d0300000)]
  0x000001ee921b1800 JavaThread "Sweeper thread" daemon [_thread_blocked, id=10740, stack(0x00000011d0300000,0x00000011d0400000)]
  0x000001ee92b28000 JavaThread "Common-Cleaner" daemon [_thread_blocked, id=9404, stack(0x00000011d0500000,0x00000011d0600000)]

Other Threads:
  0x000001ee92121000 VMThread "VM Thread" [stack: 0x00000011cfb00000,0x00000011cfc00000] [id=4912]
  0x000001ee92b1e800 WatcherThread [stack: 0x00000011d0400000,0x00000011d0500000] [id=4640]
  0x000001eef8fe2000 GCTaskThread "GC Thread#0" [stack: 0x00000011cf600000,0x00000011cf700000] [id=8100]
  0x000001ee92c7a800 GCTaskThread "GC Thread#1" [stack: 0x00000011d0600000,0x00000011d0700000] [id=5264]
  0x000001eef8ffe000 ConcurrentGCThread "G1 Main Marker" [stack: 0x00000011cf700000,0x00000011cf800000] [id=10588]
  0x000001eef9000800 ConcurrentGCThread "G1 Conc#0" [stack: 0x00000011cf800000,0x00000011cf900000] [id=7692]
  0x000001eef904f800 ConcurrentGCThread "G1 Refine#0" [stack: 0x00000011cf900000,0x00000011cfa00000] [id=10980]
  0x000001eef9051000 ConcurrentGCThread "G1 Young RemSet Sampling" [stack: 0x00000011cfa00000,0x00000011cfb00000] [id=10840]

Threads with active compile tasks:
C2 CompilerThread0  38954 5995       4       org.jetbrains.org.objectweb.asm.ClassReader::readMethod (1061 bytes)

VM state:at safepoint (normal execution)

VM Mutex/Monitor currently owned by a thread:  ([mutex/lock_event])
[0x000001eef8fc8d00] Threads_lock - owner thread: 0x000001ee92121000
[0x000001eef8fc8130] Heap_lock - owner thread: 0x000001eef8fc9800

Heap address: 0x00000000c0c00000, size: 1012 MB, Compressed Oops mode: 32-bit
Narrow klass base: 0x0000000000000000, Narrow klass shift: 3
Compressed class space size: 1073741824 Address: 0x0000000100000000

Heap:
 garbage-first heap   total 78848K, used 43964K [0x00000000c0c00000, 0x0000000100000000)
  region size 1024K, 1 young (1024K), 1 survivors (1024K)
 Metaspace       used 59575K, capacity 60145K, committed 60288K, reserved 1110016K
  class space    used 6735K, capacity 6960K, committed 7040K, reserved 1048576K
Heap Regions: E=young(eden), S=young(survivor), O=old, HS=humongous(starts), HC=humongous(continues), CS=collection set, F=free, A=archive, TAMS=top-at-mark-start (previous, next)
|   0|0x00000000c0c00000, 0x00000000c0d00000, 0x00000000c0d00000|100%|HS|  |TAMS 0x00000000c0d00000, 0x00000000c0d00000| Complete 
|   1|0x00000000c0d00000, 0x00000000c0e00000, 0x00000000c0e00000|100%|HC|  |TAMS 0x00000000c0e00000, 0x00000000c0e00000| Complete 
|   2|0x00000000c0e00000, 0x00000000c0f00000, 0x00000000c0f00000|100%|HC|  |TAMS 0x00000000c0f00000, 0x00000000c0f00000| Complete 
|   3|0x00000000c0f00000, 0x00000000c1000000, 0x00000000c1000000|100%| O|  |TAMS 0x00000000c1000000, 0x00000000c1000000| Untracked 
|   4|0x00000000c1000000, 0x00000000c1100000, 0x00000000c1100000|100%| O|  |TAMS 0x00000000c1100000, 0x00000000c1100000| Untracked 
|   5|0x00000000c1100000, 0x00000000c1200000, 0x00000000c1200000|100%| O|  |TAMS 0x00000000c1200000, 0x00000000c1200000| Untracked 
|   6|0x00000000c1200000, 0x00000000c1300000, 0x00000000c1300000|100%|HS|  |TAMS 0x00000000c1300000, 0x00000000c1300000| Complete 
|   7|0x00000000c1300000, 0x00000000c1400000, 0x00000000c1400000|100%|HC|  |TAMS 0x00000000c1400000, 0x00000000c1400000| Complete 
|   8|0x00000000c1400000, 0x00000000c1500000, 0x00000000c1500000|100%|HC|  |TAMS 0x00000000c1500000, 0x00000000c1500000| Complete 
|   9|0x00000000c1500000, 0x00000000c1600000, 0x00000000c1600000|100%| O|  |TAMS 0x00000000c1600000, 0x00000000c1600000| Untracked 
|  10|0x00000000c1600000, 0x00000000c1700000, 0x00000000c1700000|100%| O|  |TAMS 0x00000000c1700000, 0x00000000c1700000| Untracked 
|  11|0x00000000c1700000, 0x00000000c1800000, 0x00000000c1800000|100%| O|  |TAMS 0x00000000c1800000, 0x00000000c1800000| Untracked 
|  12|0x00000000c1800000, 0x00000000c1900000, 0x00000000c1900000|100%|HS|  |TAMS 0x00000000c1900000, 0x00000000c1900000| Complete 
|  13|0x00000000c1900000, 0x00000000c1a00000, 0x00000000c1a00000|100%|HC|  |TAMS 0x00000000c1a00000, 0x00000000c1a00000| Complete 
|  14|0x00000000c1a00000, 0x00000000c1b00000, 0x00000000c1b00000|100%| O|  |TAMS 0x00000000c1b00000, 0x00000000c1b00000| Untracked 
|  15|0x00000000c1b00000, 0x00000000c1c00000, 0x00000000c1c00000|100%| O|  |TAMS 0x00000000c1c00000, 0x00000000c1c00000| Untracked 
|  16|0x00000000c1c00000, 0x00000000c1d00000, 0x00000000c1d00000|100%| O|  |TAMS 0x00000000c1d00000, 0x00000000c1d00000| Untracked 
|  17|0x00000000c1d00000, 0x00000000c1e00000, 0x00000000c1e00000|100%| O|  |TAMS 0x00000000c1e00000, 0x00000000c1e00000| Untracked 
|  18|0x00000000c1e00000, 0x00000000c1f00000, 0x00000000c1f00000|100%| O|  |TAMS 0x00000000c1f00000, 0x00000000c1f00000| Untracked 
|  19|0x00000000c1f00000, 0x00000000c2000000, 0x00000000c2000000|100%| O|  |TAMS 0x00000000c2000000, 0x00000000c2000000| Untracked 
|  20|0x00000000c2000000, 0x00000000c2100000, 0x00000000c2100000|100%| O|  |TAMS 0x00000000c2100000, 0x00000000c2100000| Untracked 
|  21|0x00000000c2100000, 0x00000000c2200000, 0x00000000c2200000|100%| O|  |TAMS 0x00000000c2200000, 0x00000000c2200000| Untracked 
|  22|0x00000000c2200000, 0x00000000c2300000, 0x00000000c2300000|100%| O|  |TAMS 0x00000000c2300000, 0x00000000c2300000| Untracked 
|  23|0x00000000c2300000, 0x00000000c2400000, 0x00000000c2400000|100%| O|  |TAMS 0x00000000c2400000, 0x00000000c2400000| Untracked 
|  24|0x00000000c2400000, 0x00000000c2500000, 0x00000000c2500000|100%| O|  |TAMS 0x00000000c2500000, 0x00000000c2500000| Untracked 
|  25|0x00000000c2500000, 0x00000000c2600000, 0x00000000c2600000|100%| O|  |TAMS 0x00000000c2600000, 0x00000000c2600000| Untracked 
|  26|0x00000000c2600000, 0x00000000c2700000, 0x00000000c2700000|100%| O|  |TAMS 0x00000000c2700000, 0x00000000c2700000| Untracked 
|  27|0x00000000c2700000, 0x00000000c2800000, 0x00000000c2800000|100%| O|  |TAMS 0x00000000c2800000, 0x00000000c2800000| Untracked 
|  28|0x00000000c2800000, 0x00000000c2900000, 0x00000000c2900000|100%| O|  |TAMS 0x00000000c2900000, 0x00000000c2900000| Untracked 
|  29|0x00000000c2900000, 0x00000000c2a00000, 0x00000000c2a00000|100%| O|  |TAMS 0x00000000c2a00000, 0x00000000c2a00000| Untracked 
|  30|0x00000000c2a00000, 0x00000000c2b00000, 0x00000000c2b00000|100%| O|  |TAMS 0x00000000c2b00000, 0x00000000c2b00000| Untracked 
|  31|0x00000000c2b00000, 0x00000000c2c00000, 0x00000000c2c00000|100%| O|  |TAMS 0x00000000c2c00000, 0x00000000c2c00000| Untracked 
|  32|0x00000000c2c00000, 0x00000000c2d00000, 0x00000000c2d00000|100%| O|  |TAMS 0x00000000c2d00000, 0x00000000c2d00000| Untracked 
|  33|0x00000000c2d00000, 0x00000000c2e00000, 0x00000000c2e00000|100%| O|  |TAMS 0x00000000c2e00000, 0x00000000c2e00000| Untracked 
|  34|0x00000000c2e00000, 0x00000000c2f00000, 0x00000000c2f00000|100%| O|  |TAMS 0x00000000c2f00000, 0x00000000c2f00000| Untracked 
|  35|0x00000000c2f00000, 0x00000000c3000000, 0x00000000c3000000|100%| O|  |TAMS 0x00000000c3000000, 0x00000000c3000000| Untracked 
|  36|0x00000000c3000000, 0x00000000c3100000, 0x00000000c3100000|100%| O|  |TAMS 0x00000000c3100000, 0x00000000c3100000| Untracked 
|  37|0x00000000c3100000, 0x00000000c3200000, 0x00000000c3200000|100%| O|  |TAMS 0x00000000c3200000, 0x00000000c3200000| Untracked 
|  38|0x00000000c3200000, 0x00000000c3300000, 0x00000000c3300000|100%| O|  |TAMS 0x00000000c3200000, 0x00000000c3300000| Untracked 
|  39|0x00000000c3300000, 0x00000000c3400000, 0x00000000c3400000|100%| O|  |TAMS 0x00000000c3300000, 0x00000000c3400000| Untracked 
|  40|0x00000000c3400000, 0x00000000c3500000, 0x00000000c3500000|100%| O|  |TAMS 0x00000000c3400000, 0x00000000c3500000| Untracked 
|  41|0x00000000c3500000, 0x00000000c3600000, 0x00000000c3600000|100%| O|  |TAMS 0x00000000c3500000, 0x00000000c3600000| Untracked 
|  42|0x00000000c3600000, 0x00000000c3634e00, 0x00000000c3700000| 20%| O|  |TAMS 0x00000000c3600000, 0x00000000c3634e00| Untracked 
|  43|0x00000000c3700000, 0x00000000c3700000, 0x00000000c3800000|  0%| F|  |TAMS 0x00000000c3700000, 0x00000000c3700000| Untracked 
|  44|0x00000000c3800000, 0x00000000c3800000, 0x00000000c3900000|  0%| F|  |TAMS 0x00000000c3800000, 0x00000000c3800000| Untracked 
|  45|0x00000000c3900000, 0x00000000c3900000, 0x00000000c3a00000|  0%| F|  |TAMS 0x00000000c3900000, 0x00000000c3900000| Untracked 
|  46|0x00000000c3a00000, 0x00000000c3a00000, 0x00000000c3b00000|  0%| F|  |TAMS 0x00000000c3a00000, 0x00000000c3a00000| Untracked 
|  47|0x00000000c3b00000, 0x00000000c3b00000, 0x00000000c3c00000|  0%| F|  |TAMS 0x00000000c3b00000, 0x00000000c3b00000| Untracked 
|  48|0x00000000c3c00000, 0x00000000c3c00000, 0x00000000c3d00000|  0%| F|  |TAMS 0x00000000c3c00000, 0x00000000c3c00000| Untracked 
|  49|0x00000000c3d00000, 0x00000000c3d00000, 0x00000000c3e00000|  0%| F|  |TAMS 0x00000000c3d00000, 0x00000000c3d00000| Untracked 
|  50|0x00000000c3e00000, 0x00000000c3e00000, 0x00000000c3f00000|  0%| F|  |TAMS 0x00000000c3e00000, 0x00000000c3e00000| Untracked 
|  51|0x00000000c3f00000, 0x00000000c3f00000, 0x00000000c4000000|  0%| F|  |TAMS 0x00000000c3f00000, 0x00000000c3f00000| Untracked 
|  52|0x00000000c4000000, 0x00000000c4000000, 0x00000000c4100000|  0%| F|  |TAMS 0x00000000c4000000, 0x00000000c4000000| Untracked 
|  53|0x00000000c4100000, 0x00000000c4100000, 0x00000000c4200000|  0%| F|  |TAMS 0x00000000c4100000, 0x00000000c4100000| Untracked 
|  54|0x00000000c4200000, 0x00000000c4200000, 0x00000000c4300000|  0%| F|  |TAMS 0x00000000c4200000, 0x00000000c4200000| Untracked 
|  55|0x00000000c4300000, 0x00000000c4300000, 0x00000000c4400000|  0%| F|  |TAMS 0x00000000c4300000, 0x00000000c4300000| Untracked 
|  56|0x00000000c4400000, 0x00000000c4400000, 0x00000000c4500000|  0%| F|  |TAMS 0x00000000c4400000, 0x00000000c4400000| Untracked 
|  57|0x00000000c4500000, 0x00000000c4500000, 0x00000000c4600000|  0%| F|  |TAMS 0x00000000c4500000, 0x00000000c4500000| Untracked 
|  58|0x00000000c4600000, 0x00000000c4600000, 0x00000000c4700000|  0%| F|  |TAMS 0x00000000c4600000, 0x00000000c4600000| Untracked 
|  59|0x00000000c4700000, 0x00000000c4700000, 0x00000000c4800000|  0%| F|  |TAMS 0x00000000c4700000, 0x00000000c4700000| Untracked 
|  60|0x00000000c4800000, 0x00000000c4800000, 0x00000000c4900000|  0%| F|  |TAMS 0x00000000c4800000, 0x00000000c4800000| Untracked 
|  61|0x00000000c4900000, 0x00000000c4900000, 0x00000000c4a00000|  0%| F|  |TAMS 0x00000000c4900000, 0x00000000c4900000| Untracked 
|  62|0x00000000c4a00000, 0x00000000c4a00000, 0x00000000c4b00000|  0%| F|  |TAMS 0x00000000c4a00000, 0x00000000c4a00000| Untracked 
|  63|0x00000000c4b00000, 0x00000000c4b00000, 0x00000000c4c00000|  0%| F|  |TAMS 0x00000000c4b00000, 0x00000000c4b00000| Untracked 
|  64|0x00000000c4c00000, 0x00000000c4c00000, 0x00000000c4d00000|  0%| F|  |TAMS 0x00000000c4c00000, 0x00000000c4c00000| Untracked 
|  65|0x00000000c4d00000, 0x00000000c4d00000, 0x00000000c4e00000|  0%| F|  |TAMS 0x00000000c4d00000, 0x00000000c4d00000| Untracked 
|  66|0x00000000c4e00000, 0x00000000c4e00000, 0x00000000c4f00000|  0%| F|  |TAMS 0x00000000c4e00000, 0x00000000c4e00000| Untracked 
|  67|0x00000000c4f00000, 0x00000000c4f00000, 0x00000000c5000000|  0%| F|  |TAMS 0x00000000c4f00000, 0x00000000c4f00000| Untracked 
|  68|0x00000000c5000000, 0x00000000c5000000, 0x00000000c5100000|  0%| F|  |TAMS 0x00000000c5000000, 0x00000000c5000000| Untracked 
|  69|0x00000000c5100000, 0x00000000c5100000, 0x00000000c5200000|  0%| F|  |TAMS 0x00000000c5100000, 0x00000000c5100000| Untracked 
|  70|0x00000000c5200000, 0x00000000c5200000, 0x00000000c5300000|  0%| F|  |TAMS 0x00000000c5200000, 0x00000000c5200000| Untracked 
|  71|0x00000000c5300000, 0x00000000c5300000, 0x00000000c5400000|  0%| F|  |TAMS 0x00000000c5300000, 0x00000000c5300000| Untracked 
|  72|0x00000000c5400000, 0x00000000c54ba200, 0x00000000c5500000| 72%| S|CS|TAMS 0x00000000c5400000, 0x00000000c5400000| Complete 
|  73|0x00000000c5500000, 0x00000000c5500000, 0x00000000c5600000|  0%| F|  |TAMS 0x00000000c5500000, 0x00000000c5500000| Untracked 
|  74|0x00000000c5600000, 0x00000000c5600000, 0x00000000c5700000|  0%| F|  |TAMS 0x00000000c5600000, 0x00000000c5600000| Untracked 
|  75|0x00000000c5700000, 0x00000000c5700000, 0x00000000c5800000|  0%| F|  |TAMS 0x00000000c5700000, 0x00000000c5700000| Untracked 
|  76|0x00000000c5800000, 0x00000000c5800000, 0x00000000c5900000|  0%| F|  |TAMS 0x00000000c5800000, 0x00000000c5800000| Untracked 

Card table byte_map: [0x000001eefe880000,0x000001eefea80000] _byte_map_base: 0x000001eefe27a000

Marking Bits (Prev, Next): (CMBitMap*) 0x000001eef8ff9310, (CMBitMap*) 0x000001eef8ff92d8
 Prev Bits: [0x000001ee8f000000, 0x000001ee8ffd0000)
 Next Bits: [0x000001eefec80000, 0x000001eeffc50000)

Polling page: 0x000001eef8dc0000

Metaspace:

Usage:
  Non-class:     51.94 MB capacity,    51.60 MB (>99%) used,   261.48 KB ( <1%) free+waste,    83.75 KB ( <1%) overhead. 
      Class:      6.80 MB capacity,     6.58 MB ( 97%) used,   189.98 KB (  3%) free+waste,    34.44 KB ( <1%) overhead. 
       Both:     58.74 MB capacity,    58.18 MB (>99%) used,   451.46 KB ( <1%) free+waste,   118.19 KB ( <1%) overhead. 

Virtual space:
  Non-class space:       60.00 MB reserved,      52.00 MB ( 87%) committed 
      Class space:        1.00 GB reserved,       6.88 MB ( <1%) committed 
             Both:        1.06 GB reserved,      58.88 MB (  5%) committed 

Chunk freelists:
   Non-Class:  63.00 KB
       Class:  16.00 KB
        Both:  79.00 KB

MaxMetaspaceSize: 17179869184.00 GB
CompressedClassSpaceSize: 1.00 GB

CodeHeap 'non-profiled nmethods': size=120064Kb used=2837Kb max_used=2837Kb free=117226Kb
 bounds [0x000001ee87ac0000, 0x000001ee87d90000, 0x000001ee8f000000]
CodeHeap 'profiled nmethods': size=120000Kb used=16130Kb max_used=16130Kb free=103869Kb
 bounds [0x000001ee80590000, 0x000001ee81560000, 0x000001ee87ac0000]
CodeHeap 'non-nmethods': size=5696Kb used=1240Kb max_used=1279Kb free=4455Kb
 bounds [0x000001ee80000000, 0x000001ee80270000, 0x000001ee80590000]
 total_blobs=6620 nmethods=6002 adapters=529
 compilation: enabled
              stopped_count=0, restarted_count=0
 full_count=0

Compilation events (20 events):
Event: 38.707 Thread 0x000001ee92169800 nmethod 6011 0x000001ee8153e910 code [0x000001ee8153eac0, 0x000001ee8153ec88]
Event: 38.726 Thread 0x000001ee92169800 6012       3       org.jetbrains.kotlin.com.intellij.openapi.project.DumbService::getInstance (20 bytes)
Event: 38.726 Thread 0x000001ee92169800 nmethod 6012 0x000001ee8153ed90 code [0x000001ee8153ef60, 0x000001ee8153f1d8]
Event: 38.726 Thread 0x000001ee92169800 6013       3       org.jetbrains.kotlin.load.java.lazy.descriptors.LazyJavaPackageScope$classes$1::invoke (9 bytes)
Event: 38.727 Thread 0x000001ee92169800 nmethod 6013 0x000001ee8153f290 code [0x000001ee8153f460, 0x000001ee8153f668]
Event: 38.734 Thread 0x000001ee92169800 6014       3       org.jetbrains.kotlin.load.java.lazy.descriptors.LazyJavaPackageScope::access$resolveKotlinBinaryClass (6 bytes)
Event: 38.734 Thread 0x000001ee92169800 nmethod 6014 0x000001ee8153f710 code [0x000001ee8153f8c0, 0x000001ee8153f9c8]
Event: 38.734 Thread 0x000001ee92169800 6015       3       org.jetbrains.kotlin.load.java.lazy.descriptors.LazyJavaPackageScope::resolveKotlinBinaryClass (78 bytes)
Event: 38.736 Thread 0x000001ee92169800 nmethod 6015 0x000001ee8153fa90 code [0x000001ee8153fd40, 0x000001ee81540938]
Event: 38.736 Thread 0x000001ee92169800 6017       1       org.jetbrains.kotlin.metadata.jvm.JvmProtoBuf$JvmPropertySignature::getGetter (5 bytes)
Event: 38.736 Thread 0x000001ee92169800 nmethod 6017 0x000001ee87d84690 code [0x000001ee87d84840, 0x000001ee87d848f8]
Event: 38.747 Thread 0x000001ee92169800 6019       1       org.jetbrains.kotlin.load.kotlin.JvmPackagePartProviderBase$ModuleMappingInfo::component1 (5 bytes)
Event: 38.747 Thread 0x000001ee92169800 nmethod 6019 0x000001ee87d84990 code [0x000001ee87d84b40, 0x000001ee87d84bf8]
Event: 38.747 Thread 0x000001ee92169800 6020   !   2       org.jetbrains.kotlin.com.intellij.mock.MockApplication::doGetService (95 bytes)
Event: 38.749 Thread 0x000001ee92169800 nmethod 6020 0x000001ee81540d90 code [0x000001ee81541060, 0x000001ee815419b8]
Event: 38.749 Thread 0x000001ee92169800 6022       2       org.jetbrains.kotlin.com.intellij.util.containers.hash.HashUtil::hash (27 bytes)
Event: 38.749 Thread 0x000001ee92169800 nmethod 6022 0x000001ee81542090 code [0x000001ee81542260, 0x000001ee815423b8]
Event: 38.749 Thread 0x000001ee92169800 6021       2       org.jetbrains.kotlin.com.intellij.util.io.FileAccessorCache::getHashCode (5 bytes)
Event: 38.749 Thread 0x000001ee92169800 nmethod 6021 0x000001ee81542490 code [0x000001ee81542640, 0x000001ee81542768]
Event: 38.749 Thread 0x000001ee92169800 6023       2       org.jetbrains.kotlin.metadata.deserialization.VersionSpecificBehaviorKt::isKotlin1Dot4OrLater (28 bytes)

GC Heap History (20 events):
Event: 2.765 GC heap before
{Heap before GC invocations=3 (full 0):
 garbage-first heap   total 65536K, used 34138K [0x00000000c0c00000, 0x0000000100000000)
  region size 1024K, 30 young (30720K), 2 survivors (2048K)
 Metaspace       used 20811K, capacity 21054K, committed 21248K, reserved 1069056K
  class space    used 2197K, capacity 2280K, committed 2304K, reserved 1048576K
}
Event: 2.778 GC heap after
{Heap after GC invocations=4 (full 0):
 garbage-first heap   total 65536K, used 9076K [0x00000000c0c00000, 0x0000000100000000)
  region size 1024K, 5 young (5120K), 5 survivors (5120K)
 Metaspace       used 20811K, capacity 21054K, committed 21248K, reserved 1069056K
  class space    used 2197K, capacity 2280K, committed 2304K, reserved 1048576K
}
Event: 5.070 GC heap before
{Heap before GC invocations=5 (full 0):
 garbage-first heap   total 65536K, used 41844K [0x00000000c0c00000, 0x0000000100000000)
  region size 1024K, 34 young (34816K), 5 survivors (5120K)
 Metaspace       used 30001K, capacity 30410K, committed 30720K, reserved 1077248K
  class space    used 3569K, capacity 3731K, committed 3840K, reserved 1048576K
}
Event: 5.091 GC heap after
{Heap after GC invocations=6 (full 0):
 garbage-first heap   total 78848K, used 14747K [0x00000000c0c00000, 0x0000000100000000)
  region size 1024K, 3 young (3072K), 3 survivors (3072K)
 Metaspace       used 30001K, capacity 30410K, committed 30720K, reserved 1077248K
  class space    used 3569K, capacity 3731K, committed 3840K, reserved 1048576K
}
Event: 11.782 GC heap before
{Heap before GC invocations=6 (full 0):
 garbage-first heap   total 78848K, used 44443K [0x00000000c0c00000, 0x0000000100000000)
  region size 1024K, 31 young (31744K), 3 survivors (3072K)
 Metaspace       used 35031K, capacity 35456K, committed 35584K, reserved 1081344K
  class space    used 4331K, capacity 4538K, committed 4608K, reserved 1048576K
}
Event: 11.802 GC heap after
{Heap after GC invocations=7 (full 0):
 garbage-first heap   total 78848K, used 21073K [0x00000000c0c00000, 0x0000000100000000)
  region size 1024K, 5 young (5120K), 5 survivors (5120K)
 Metaspace       used 35031K, capacity 35456K, committed 35584K, reserved 1081344K
  class space    used 4331K, capacity 4538K, committed 4608K, reserved 1048576K
}
Event: 17.639 GC heap before
{Heap before GC invocations=8 (full 0):
 garbage-first heap   total 78848K, used 53841K [0x00000000c0c00000, 0x0000000100000000)
  region size 1024K, 37 young (37888K), 5 survivors (5120K)
 Metaspace       used 41338K, capacity 41771K, committed 42112K, reserved 1085440K
  class space    used 4944K, capacity 5125K, committed 5248K, reserved 1048576K
}
Event: 17.663 GC heap after
{Heap after GC invocations=9 (full 0):
 garbage-first heap   total 78848K, used 24771K [0x00000000c0c00000, 0x0000000100000000)
  region size 1024K, 4 young (4096K), 4 survivors (4096K)
 Metaspace       used 41338K, capacity 41771K, committed 42112K, reserved 1085440K
  class space    used 4944K, capacity 5125K, committed 5248K, reserved 1048576K
}
Event: 19.819 GC heap before
{Heap before GC invocations=9 (full 0):
 garbage-first heap   total 78848K, used 57539K [0x00000000c0c00000, 0x0000000100000000)
  region size 1024K, 35 young (35840K), 4 survivors (4096K)
 Metaspace       used 46275K, capacity 46816K, committed 46976K, reserved 1091584K
  class space    used 5472K, capacity 5675K, committed 5760K, reserved 1048576K
}
Event: 19.842 GC heap after
{Heap after GC invocations=10 (full 0):
 garbage-first heap   total 78848K, used 29516K [0x00000000c0c00000, 0x0000000100000000)
  region size 1024K, 5 young (5120K), 5 survivors (5120K)
 Metaspace       used 46275K, capacity 46816K, committed 46976K, reserved 1091584K
  class space    used 5472K, capacity 5675K, committed 5760K, reserved 1048576K
}
Event: 21.012 GC heap before
{Heap before GC invocations=10 (full 0):
 garbage-first heap   total 78848K, used 58188K [0x00000000c0c00000, 0x0000000100000000)
  region size 1024K, 33 young (33792K), 5 survivors (5120K)
 Metaspace       used 48445K, capacity 48946K, committed 49152K, reserved 1093632K
  class space    used 5680K, capacity 5873K, committed 5888K, reserved 1048576K
}
Event: 21.032 GC heap after
{Heap after GC invocations=11 (full 0):
 garbage-first heap   total 78848K, used 30887K [0x00000000c0c00000, 0x0000000100000000)
  region size 1024K, 3 young (3072K), 3 survivors (3072K)
 Metaspace       used 48445K, capacity 48946K, committed 49152K, reserved 1093632K
  class space    used 5680K, capacity 5873K, committed 5888K, reserved 1048576K
}
Event: 26.922 GC heap before
{Heap before GC invocations=11 (full 0):
 garbage-first heap   total 78848K, used 59559K [0x00000000c0c00000, 0x0000000100000000)
  region size 1024K, 31 young (31744K), 3 survivors (3072K)
 Metaspace       used 49777K, capacity 50323K, committed 50560K, reserved 1093632K
  class space    used 5718K, capacity 5905K, committed 6016K, reserved 1048576K
}
Event: 26.962 GC heap after
{Heap after GC invocations=12 (full 0):
 garbage-first heap   total 78848K, used 36512K [0x00000000c0c00000, 0x0000000100000000)
  region size 1024K, 4 young (4096K), 4 survivors (4096K)
 Metaspace       used 49777K, capacity 50323K, committed 50560K, reserved 1093632K
  class space    used 5718K, capacity 5905K, committed 6016K, reserved 1048576K
}
Event: 28.482 GC heap before
{Heap before GC invocations=12 (full 0):
 garbage-first heap   total 78848K, used 60064K [0x00000000c0c00000, 0x0000000100000000)
  region size 1024K, 27 young (27648K), 4 survivors (4096K)
 Metaspace       used 52486K, capacity 52982K, committed 53120K, reserved 1095680K
  class space    used 6024K, capacity 6215K, committed 6272K, reserved 1048576K
}
Event: 28.508 GC heap after
{Heap after GC invocations=13 (full 0):
 garbage-first heap   total 78848K, used 38897K [0x00000000c0c00000, 0x0000000100000000)
  region size 1024K, 2 young (2048K), 2 survivors (2048K)
 Metaspace       used 52486K, capacity 52982K, committed 53120K, reserved 1095680K
  class space    used 6024K, capacity 6215K, committed 6272K, reserved 1048576K
}
Event: 31.806 GC heap before
{Heap before GC invocations=13 (full 0):
 garbage-first heap   total 78848K, used 61425K [0x00000000c0c00000, 0x0000000100000000)
  region size 1024K, 24 young (24576K), 2 survivors (2048K)
 Metaspace       used 56770K, capacity 57326K, committed 57472K, reserved 1099776K
  class space    used 6491K, capacity 6703K, committed 6784K, reserved 1048576K
}
Event: 31.819 GC heap after
{Heap after GC invocations=14 (full 0):
 garbage-first heap   total 78848K, used 41181K [0x00000000c0c00000, 0x0000000100000000)
  region size 1024K, 3 young (3072K), 3 survivors (3072K)
 Metaspace       used 56770K, capacity 57326K, committed 57472K, reserved 1099776K
  class space    used 6491K, capacity 6703K, committed 6784K, reserved 1048576K
}
Event: 38.344 GC heap before
{Heap before GC invocations=15 (full 0):
 garbage-first heap   total 78848K, used 62685K [0x00000000c0c00000, 0x0000000100000000)
  region size 1024K, 24 young (24576K), 3 survivors (3072K)
 Metaspace       used 59313K, capacity 59921K, committed 60288K, reserved 1101824K
  class space    used 6703K, capacity 6928K, committed 7040K, reserved 1048576K
}
Event: 38.365 GC heap after
{Heap after GC invocations=16 (full 0):
 garbage-first heap   total 78848K, used 43231K [0x00000000c0c00000, 0x0000000100000000)
  region size 1024K, 2 young (2048K), 2 survivors (2048K)
 Metaspace       used 59313K, capacity 59921K, committed 60288K, reserved 1101824K
  class space    used 6703K, capacity 6928K, committed 7040K, reserved 1048576K
}

Deoptimization events (20 events):
Event: 38.408 Thread 0x000001eef8fc9800 DEOPT PACKING pc=0x000001ee87d1cee0 sp=0x00000011cf5fcee0
Event: 38.408 Thread 0x000001eef8fc9800 DEOPT UNPACKING pc=0x000001ee80026ca9 sp=0x00000011cf5fced8 mode 2
Event: 38.409 Thread 0x000001eef8fc9800 Uncommon trap: trap_request=0xffffffc6 fr.pc=0x000001ee87d73230 relative=0x0000000000002c30
Event: 38.409 Thread 0x000001eef8fc9800 Uncommon trap: reason=bimorphic_or_optimized_type_check action=maybe_recompile pc=0x000001ee87d73230 method=org.jetbrains.kotlin.backend.common.serialization.mangle.descriptor.DescriptorMangleComputer.mangleType(Ljava/lang/StringBuilder;Lorg/jetbrains/kot
Event: 38.409 Thread 0x000001eef8fc9800 DEOPT PACKING pc=0x000001ee87d73230 sp=0x00000011cf5fd530
Event: 38.409 Thread 0x000001eef8fc9800 DEOPT UNPACKING pc=0x000001ee80026ca9 sp=0x00000011cf5fd500 mode 2
Event: 38.409 Thread 0x000001eef8fc9800 Uncommon trap: trap_request=0xffffffc6 fr.pc=0x000001ee87d73230 relative=0x0000000000002c30
Event: 38.409 Thread 0x000001eef8fc9800 Uncommon trap: reason=bimorphic_or_optimized_type_check action=maybe_recompile pc=0x000001ee87d73230 method=org.jetbrains.kotlin.backend.common.serialization.mangle.descriptor.DescriptorMangleComputer.mangleType(Ljava/lang/StringBuilder;Lorg/jetbrains/kot
Event: 38.409 Thread 0x000001eef8fc9800 DEOPT PACKING pc=0x000001ee87d73230 sp=0x00000011cf5fd5c0
Event: 38.409 Thread 0x000001eef8fc9800 DEOPT UNPACKING pc=0x000001ee80026ca9 sp=0x00000011cf5fd590 mode 2
Event: 38.416 Thread 0x000001eef8fc9800 Uncommon trap: trap_request=0xffffff4d fr.pc=0x000001ee87c92a80 relative=0x00000000000039e0
Event: 38.416 Thread 0x000001eef8fc9800 Uncommon trap: reason=unstable_if action=reinterpret pc=0x000001ee87c92a80 method=org.jetbrains.org.objectweb.asm.ClassReader.readElementValue(Lorg/jetbrains/org/objectweb/asm/AnnotationVisitor;ILjava/lang/String;[C)I @ 102 c2
Event: 38.416 Thread 0x000001eef8fc9800 DEOPT PACKING pc=0x000001ee87c92a80 sp=0x00000011cf5fd220
Event: 38.416 Thread 0x000001eef8fc9800 DEOPT UNPACKING pc=0x000001ee80026ca9 sp=0x00000011cf5fd1e0 mode 2
Event: 38.487 Thread 0x000001eef8fc9800 Uncommon trap: trap_request=0xffffff4d fr.pc=0x000001ee87c13ea0 relative=0x0000000000000be0
Event: 38.487 Thread 0x000001eef8fc9800 Uncommon trap: reason=unstable_if action=reinterpret pc=0x000001ee87c13ea0 method=org.jetbrains.kotlin.metadata.ProtoBuf$Type.getSerializedSize()I @ 176 c2
Event: 38.487 Thread 0x000001eef8fc9800 DEOPT PACKING pc=0x000001ee87c13ea0 sp=0x00000011cf5fb470
Event: 38.487 Thread 0x000001eef8fc9800 DEOPT UNPACKING pc=0x000001ee80026ca9 sp=0x00000011cf5fb430 mode 2
Event: 38.725 Thread 0x000001eef8fc9800 DEOPT PACKING pc=0x000001ee8118d1ab sp=0x00000011cf5fd4b0
Event: 38.725 Thread 0x000001eef8fc9800 DEOPT UNPACKING pc=0x000001ee80026abf sp=0x00000011cf5fc950 mode 0

Classes redefined (0 events):
No events

Internal exceptions (20 events):
Event: 3.548 Thread 0x000001eef8fc9800 Exception <a 'sun/nio/fs/WindowsException'{0x00000000c3d99db0}> (0x00000000c3d99db0) thrown at [./src/hotspot/share/prims/jni.cpp, line 615]
Event: 3.548 Thread 0x000001eef8fc9800 Exception <a 'sun/nio/fs/WindowsException'{0x00000000c3d9a7b8}> (0x00000000c3d9a7b8) thrown at [./src/hotspot/share/prims/jni.cpp, line 615]
Event: 3.549 Thread 0x000001eef8fc9800 Exception <a 'sun/nio/fs/WindowsException'{0x00000000c3d9b0d0}> (0x00000000c3d9b0d0) thrown at [./src/hotspot/share/prims/jni.cpp, line 615]
Event: 3.549 Thread 0x000001eef8fc9800 Exception <a 'sun/nio/fs/WindowsException'{0x00000000c3d9ba18}> (0x00000000c3d9ba18) thrown at [./src/hotspot/share/prims/jni.cpp, line 615]
Event: 3.552 Thread 0x000001eef8fc9800 Exception <a 'java/lang/NoSuchMethodError'{0x00000000c3da2390}: 'void java.lang.invoke.DirectMethodHandle$Holder.invokeStatic(java.lang.Object, java.lang.Object, java.lang.Object, java.lang.Object)'> (0x00000000c3da2390) thrown at [./src/hotspot/share/interpreter/linkResolver.cpp, line 773]
Event: 3.831 Thread 0x000001eef8fc9800 Exception <a 'java/lang/NoSuchMethodError'{0x00000000c3983e68}: 'void java.lang.invoke.DirectMethodHandle$Holder.invokeStaticInit(java.lang.Object, java.lang.Object)'> (0x00000000c3983e68) thrown at [./src/hotspot/share/interpreter/linkResolver.cpp, line 773]
Event: 4.474 Thread 0x000001eef8fc9800 Exception <a 'java/lang/NoSuchMethodError'{0x00000000c35a9738}: 'void java.lang.invoke.DirectMethodHandle$Holder.invokeVirtual(java.lang.Object, java.lang.Object)'> (0x00000000c35a9738) thrown at [./src/hotspot/share/interpreter/linkResolver.cpp, line 773]
Event: 4.496 Thread 0x000001eef8fc9800 Exception <a 'java/lang/NoSuchMethodError'{0x00000000c341c9f0}: 'int java.lang.invoke.DirectMethodHandle$Holder.invokeVirtual(java.lang.Object, java.lang.Object)'> (0x00000000c341c9f0) thrown at [./src/hotspot/share/interpreter/linkResolver.cpp, line 773]
Event: 11.533 Thread 0x000001eef8fc9800 Exception <a 'java/lang/NoSuchMethodError'{0x00000000c40a6170}: 'java.lang.Object java.lang.invoke.DirectMethodHandle$Holder.invokeVirtual(java.lang.Object, java.lang.Object, java.lang.Object)'> (0x00000000c40a6170) thrown at [./src/hotspot/share/interpreter/linkResolver.cpp, line 773]
Event: 18.005 Thread 0x000001eef8fc9800 Exception <a 'java/lang/NoSuchMethodError'{0x00000000c54d5500}: 'java.lang.Object java.lang.invoke.DirectMethodHandle$Holder.invokeStatic(java.lang.Object, java.lang.Object, java.lang.Object, int)'> (0x00000000c54d5500) thrown at [./src/hotspot/share/interpreter/linkResolver.cpp, line 773]
Event: 18.005 Thread 0x000001eef8fc9800 Exception <a 'java/lang/NoSuchMethodError'{0x00000000c54d9170}: 'java.lang.Object java.lang.invoke.DirectMethodHandle$Holder.invokeSpecial(java.lang.Object, java.lang.Object, java.lang.Object, java.lang.Object, int)'> (0x00000000c54d9170) thrown at [./src/hotspot/share/interpreter/linkResolver.cpp, line 773]
Event: 18.006 Thread 0x000001eef8fc9800 Exception <a 'java/lang/NoSuchMethodError'{0x00000000c54dc480}: 'java.lang.Object java.lang.invoke.Invokers$Holder.linkToTargetMethod(java.lang.Object, java.lang.Object, int, java.lang.Object)'> (0x00000000c54dc480) thrown at [./src/hotspot/share/interpreter/linkResolver.cpp, line 773]
Event: 18.211 Thread 0x000001eef8fc9800 Implicit null exception at 0x000001ee87bb33f5 to 0x000001ee87bb34cc
Event: 18.740 Thread 0x000001eef8fc9800 Exception <a 'java/lang/NoSuchMethodError'{0x00000000c4cafb40}: 'java.lang.Object java.lang.invoke.Invokers$Holder.linkToTargetMethod(java.lang.Object, int, java.lang.Object)'> (0x00000000c4cafb40) thrown at [./src/hotspot/share/interpreter/linkResolver.cpp, line 773]
Event: 20.890 Thread 0x000001eef8fc9800 Exception <a 'java/lang/NoSuchMethodError'{0x00000000c3d3d398}: 'java.lang.Object java.lang.invoke.DirectMethodHandle$Holder.invokeStaticInit(java.lang.Object, java.lang.Object, java.lang.Object)'> (0x00000000c3d3d398) thrown at [./src/hotspot/share/interpreter/linkResolver.cpp, line 773]
Event: 27.461 Thread 0x000001eef8fc9800 Implicit null exception at 0x000001ee87b159de to 0x000001ee87b1614a
Event: 27.461 Thread 0x000001eef8fc9800 Implicit null exception at 0x000001ee87babb2f to 0x000001ee87babb9d
Event: 27.552 Thread 0x000001eef8fc9800 Exception <a 'java/lang/NoSuchMethodError'{0x00000000c4ea2b00}: 'java.lang.Object java.lang.invoke.Invokers$Holder.linkToTargetMethod(java.lang.Object, java.lang.Object, java.lang.Object, java.lang.Object, java.lang.Object, java.lang.Object)'> (0x00000000c4ea2b00) thrown at [./src/hotspot/share/interpreter/linkResolver.cpp, line 773]
Event: 29.234 Thread 0x000001eef8fc9800 Implicit null exception at 0x000001ee87b135f5 to 0x000001ee87b137bc
Event: 31.780 Thread 0x000001eef8fc9800 Exception <a 'java/lang/NoSuchMethodError'{0x00000000c435de48}: 'int java.lang.invoke.DirectMethodHandle$Holder.invokeStaticInit(java.lang.Object, java.lang.Object, java.lang.Object, java.lang.Object)'> (0x00000000c435de48) thrown at [./src/hotspot/share/interpreter/linkResolver.cpp, line 773]

Events (20 events):
Event: 38.391 loading class org/jetbrains/kotlin/builtins/FunctionInterfacePackageFragment
Event: 38.391 loading class org/jetbrains/kotlin/builtins/FunctionInterfacePackageFragment done
Event: 38.392 loading class org/jetbrains/kotlin/builtins/functions/FunctionClassDescriptor$Companion
Event: 38.392 loading class org/jetbrains/kotlin/builtins/functions/FunctionClassDescriptor$Companion done
Event: 38.404 loading class org/jetbrains/kotlin/builtins/functions/FunctionClassDescriptor$FunctionTypeConstructor
Event: 38.404 loading class org/jetbrains/kotlin/builtins/functions/FunctionClassDescriptor$FunctionTypeConstructor done
Event: 38.405 loading class org/jetbrains/kotlin/builtins/functions/FunctionClassScope
Event: 38.405 loading class org/jetbrains/kotlin/builtins/functions/FunctionClassScope done
Event: 38.416 loading class org/jetbrains/kotlin/resolve/constants/ClassLiteralValue
Event: 38.416 loading class org/jetbrains/kotlin/resolve/constants/ClassLiteralValue done
Event: 38.418 loading class org/jetbrains/kotlin/resolve/constants/KClassValue
Event: 38.418 loading class org/jetbrains/kotlin/resolve/constants/KClassValue done
Event: 38.485 loading class org/jetbrains/kotlin/resolve/constants/KClassValue$Companion
Event: 38.485 loading class org/jetbrains/kotlin/resolve/constants/KClassValue$Companion done
Event: 38.486 loading class org/jetbrains/kotlin/resolve/constants/KClassValue$Value$NormalClass
Event: 38.486 loading class org/jetbrains/kotlin/resolve/constants/KClassValue$Value$NormalClass done
Event: 38.486 loading class org/jetbrains/kotlin/resolve/constants/KClassValue$Value
Event: 38.486 loading class org/jetbrains/kotlin/resolve/constants/KClassValue$Value done
Event: 38.743 loading class org/jetbrains/kotlin/ir/descriptors/IrBuiltInsOverDescriptors$getNonBuiltinFunctionsByReturnType$1
Event: 38.743 loading class org/jetbrains/kotlin/ir/descriptors/IrBuiltInsOverDescriptors$getNonBuiltinFunctionsByReturnType$1 done


Dynamic libraries:
0x00007ff69be30000 - 0x00007ff69be3a000 	F:\AndroidStudio\jre\bin\java.exe
0x00007ffc0ba40000 - 0x00007ffc0bc21000 	C:\WINDOWS\SYSTEM32\ntdll.dll
0x00007ffc0b3d0000 - 0x00007ffc0b481000 	C:\WINDOWS\System32\KERNEL32.DLL
0x00007ffc08b30000 - 0x00007ffc08da3000 	C:\WINDOWS\System32\KERNELBASE.dll
0x00007ffc08500000 - 0x00007ffc085f8000 	C:\WINDOWS\System32\ucrtbase.dll
0x00007ffbfc6d0000 - 0x00007ffbfc6e9000 	F:\AndroidStudio\jre\bin\jli.dll
0x00007ffbfa2c0000 - 0x00007ffbfa2d7000 	F:\AndroidStudio\jre\bin\VCRUNTIME140.dll
0x00007ffc0ac60000 - 0x00007ffc0adf1000 	C:\WINDOWS\System32\USER32.dll
0x00007ffc08e30000 - 0x00007ffc08e50000 	C:\WINDOWS\System32\win32u.dll
0x00007ffbf7d00000 - 0x00007ffbf7f69000 	C:\WINDOWS\WinSxS\amd64_microsoft.windows.common-controls_6595b64144ccf1df_6.0.17134.1902_none_d3fc12d37c93a894\COMCTL32.dll
0x00007ffc0a990000 - 0x00007ffc0a9b8000 	C:\WINDOWS\System32\GDI32.dll
0x00007ffc0aa30000 - 0x00007ffc0aace000 	C:\WINDOWS\System32\msvcrt.dll
0x00007ffc08990000 - 0x00007ffc08b23000 	C:\WINDOWS\System32\gdi32full.dll
0x00007ffc0b640000 - 0x00007ffc0b961000 	C:\WINDOWS\System32\combase.dll
0x00007ffc087f0000 - 0x00007ffc0888f000 	C:\WINDOWS\System32\msvcp_win.dll
0x00007ffc0a310000 - 0x00007ffc0a434000 	C:\WINDOWS\System32\RPCRT4.dll
0x00007ffc08db0000 - 0x00007ffc08e29000 	C:\WINDOWS\System32\bcryptPrimitives.dll
0x00007ffc0a7c0000 - 0x00007ffc0a7ed000 	C:\WINDOWS\System32\IMM32.DLL
0x00007ffbf2960000 - 0x00007ffbf29fd000 	F:\AndroidStudio\jre\bin\msvcp140.dll
0x00007ffbfd910000 - 0x00007ffbfe3df000 	F:\AndroidStudio\jre\bin\server\jvm.dll
0x00007ffc0b590000 - 0x00007ffc0b631000 	C:\WINDOWS\System32\ADVAPI32.dll
0x00007ffc0ab30000 - 0x00007ffc0ab8b000 	C:\WINDOWS\System32\sechost.dll
0x00007ffc08eb0000 - 0x00007ffc08eb8000 	C:\WINDOWS\System32\PSAPI.DLL
0x00007ffc04500000 - 0x00007ffc04509000 	C:\WINDOWS\SYSTEM32\WSOCK32.dll
0x00007ffc05dd0000 - 0x00007ffc05df3000 	C:\WINDOWS\SYSTEM32\WINMM.dll
0x00007ffc0b510000 - 0x00007ffc0b57c000 	C:\WINDOWS\System32\WS2_32.dll
0x00007ffbf2f30000 - 0x00007ffbf2f3a000 	C:\WINDOWS\SYSTEM32\VERSION.dll
0x00007ffc05da0000 - 0x00007ffc05dca000 	C:\WINDOWS\SYSTEM32\WINMMBASE.dll
0x00007ffc08940000 - 0x00007ffc08989000 	C:\WINDOWS\System32\cfgmgr32.dll
0x00007ffc07d20000 - 0x00007ffc07d31000 	C:\WINDOWS\System32\kernel.appcore.dll
0x00007ffc01b20000 - 0x00007ffc01b31000 	F:\AndroidStudio\jre\bin\verify.dll
0x00007ffc06830000 - 0x00007ffc069f9000 	C:\WINDOWS\SYSTEM32\DBGHELP.DLL
0x00007ffbf2f00000 - 0x00007ffbf2f29000 	C:\WINDOWS\SYSTEM32\dbgcore.DLL
0x00007ffc01af0000 - 0x00007ffc01b19000 	F:\AndroidStudio\jre\bin\java.dll
0x00007ffc019a0000 - 0x00007ffc019ab000 	F:\AndroidStudio\jre\bin\jimage.dll
0x00007ffbffd30000 - 0x00007ffbffd48000 	F:\AndroidStudio\jre\bin\zip.dll
0x00007ffc08ec0000 - 0x00007ffc0a305000 	C:\WINDOWS\System32\SHELL32.dll
0x00007ffc0a710000 - 0x00007ffc0a7b9000 	C:\WINDOWS\System32\shcore.dll
0x00007ffc07de0000 - 0x00007ffc084f5000 	C:\WINDOWS\System32\windows.storage.dll
0x00007ffc0b4b0000 - 0x00007ffc0b501000 	C:\WINDOWS\System32\shlwapi.dll
0x00007ffc07d70000 - 0x00007ffc07d8f000 	C:\WINDOWS\System32\profapi.dll
0x00007ffc07d90000 - 0x00007ffc07ddc000 	C:\WINDOWS\System32\powrprof.dll
0x00007ffc07d60000 - 0x00007ffc07d6a000 	C:\WINDOWS\System32\FLTLIB.DLL
0x00007ffbff2a0000 - 0x00007ffbff2ba000 	F:\AndroidStudio\jre\bin\net.dll
0x00007ffbff790000 - 0x00007ffbff86d000 	C:\WINDOWS\SYSTEM32\WINHTTP.dll
0x00007ffc07540000 - 0x00007ffc075a6000 	C:\WINDOWS\system32\mswsock.dll
0x00007ffbff230000 - 0x00007ffbff244000 	F:\AndroidStudio\jre\bin\nio.dll

dbghelp: loaded successfully - version: 4.0.5 - missing functions: none
symbol engine: initialized successfully - sym options: 0x614 - pdb path: .;F:\AndroidStudio\jre\bin;C:\WINDOWS\SYSTEM32;C:\WINDOWS\WinSxS\amd64_microsoft.windows.common-controls_6595b64144ccf1df_6.0.17134.1902_none_d3fc12d37c93a894;F:\AndroidStudio\jre\bin\server

VM Arguments:
java_command: org.jetbrains.kotlin.cli.jvm.K2JVMCompiler @F:\MPOS\KvizProjekat\app\build\20240905_10254780673764684637.compiler.options
java_class_path (initial): C:\Users\Aleksandra\.gradle\caches\modules-2\files-2.1\org.jetbrains.kotlin\kotlin-compiler-embeddable\1.6.10\88f2073f4020cdb83132cfe940ceb9a60aba54ea\kotlin-compiler-embeddable-1.6.10.jar;C:\Users\Aleksandra\.gradle\caches\modules-2\files-2.1\org.jetbrains.kotlin\kotlin-reflect\1.6.10\1cbe9c92c12a94eea200d23c2bbaedaf3daf5132\kotlin-reflect-1.6.10.jar;C:\Users\Aleksandra\.gradle\caches\modules-2\files-2.1\org.jetbrains.kotlin\kotlin-stdlib\1.6.10\b8af3fe6f1ca88526914929add63cf5e7c5049af\kotlin-stdlib-1.6.10.jar;C:\Users\Aleksandra\.gradle\caches\modules-2\files-2.1\org.jetbrains.kotlin\kotlin-script-runtime\1.6.10\d0a7ff2e2500ef497ed0214ae40ad3c8387a6164\kotlin-script-runtime-1.6.10.jar;C:\Users\Aleksandra\.gradle\caches\modules-2\files-2.1\org.jetbrains.kotlin\kotlin-daemon-embeddable\1.6.10\a56d79bcbea411fa6058e4ecffc2de73e742bd2a\kotlin-daemon-embeddable-1.6.10.jar;C:\Users\Aleksandra\.gradle\caches\modules-2\files-2.1\org.jetbrains.intellij.deps\trove4j\1.0.20181211\216c2e14b070f334479d800987affe4054cd563f\trove4j-1.0.20181211.jar;C:\Users\Aleksandra\.gradle\caches\modules-2\files-2.1\net.java.dev.jna\jna\5.6.0\330f2244e9030119ab3030fc3fededc86713d9cc\jna-5.6.0.jar;C:\Users\Aleksandra\.gradle\caches\modules-2\files-2.1\org.jetbrains\annotations\13.0\919f0dfe192fb4e063e7dacadee7f8bb9a2672a9\annotations-13.0.jar;C:\Users\Aleksandra\.gradle\caches\modules-2\files-2.1\org.jetbrains.kotlin\kotlin-stdlib-common\1.6.10\c118700e3a33c8a0d9adc920e9dec0831171925\kotlin-stdlib-common-1.6.10.jar
Launcher Type: SUN_STANDARD

[Global flags]
     intx CICompilerCount                          = 2                                         {product} {ergonomic}
     uint ConcGCThreads                            = 1                                         {product} {ergonomic}
     uint G1ConcRefinementThreads                  = 2                                         {product} {ergonomic}
   size_t G1HeapRegionSize                         = 1048576                                   {product} {ergonomic}
    uintx GCDrainStackTargetSize                   = 64                                        {product} {ergonomic}
   size_t InitialHeapSize                          = 67108864                                  {product} {ergonomic}
   size_t MarkStackSize                            = 4194304                                   {product} {ergonomic}
   size_t MaxHeapSize                              = 1061158912                                {product} {ergonomic}
   size_t MaxNewSize                               = 636485632                                 {product} {ergonomic}
   size_t MinHeapDeltaBytes                        = 1048576                                   {product} {ergonomic}
    uintx NonNMethodCodeHeapSize                   = 5825164                                {pd product} {ergonomic}
    uintx NonProfiledCodeHeapSize                  = 122916538                              {pd product} {ergonomic}
    uintx ProfiledCodeHeapSize                     = 122916538                              {pd product} {ergonomic}
    uintx ReservedCodeCacheSize                    = 251658240                              {pd product} {ergonomic}
     bool SegmentedCodeCache                       = true                                      {product} {ergonomic}
     bool UseCompressedClassPointers               = true                                 {lp64_product} {ergonomic}
     bool UseCompressedOops                        = true                                 {lp64_product} {ergonomic}
     bool UseG1GC                                  = true                                      {product} {ergonomic}
     bool UseLargePagesIndividualAllocation        = false                                  {pd product} {ergonomic}

Logging:
Log output configuration:
 #0: stdout all=warning uptime,level,tags
 #1: stderr all=off uptime,level,tags

Environment Variables:
PATH=C:\Program Files\Common Files\Oracle\Java\javapath;C:\Program Files (x86)\Common Files\Oracle\Java\javapath;C:\ProgramData\Oracle\Java\javapath;C:\WINDOWS\system32;C:\WINDOWS;C:\WINDOWS\System32\Wbem;C:\WINDOWS\System32\WindowsPowerShell\v1.0\;c:\Program Files (x86)\Microsoft SQL Server\100\Tools\Binn\;c:\Program Files\Microsoft SQL Server\100\Tools\Binn\;c:\Program Files\Microsoft SQL Server\100\DTS\Binn\;C:\WINDOWS\System32\OpenSSH\;C:\Program Files\Microsoft SQL Server\Client SDK\ODBC\130\Tools\Binn\;C:\Program Files (x86)\Microsoft SQL Server\130\Tools\Binn\;C:\Program Files\Microsoft SQL Server\130\Tools\Binn\;C:\Program Files\Microsoft SQL Server\130\DTS\Binn\;C:\xampp\php;C:\ProgramData\ComposerSetup\bin;C:\Program Files\Git\cmd;C:\Program Files\Git\mingw64\bin;C:\Program Files\Git\usr\bin;C:\Program Files\nodejs\;C:\RailsInstaller\Git\cmd;C:\RailsInstaller\Ruby2.3.0\bin;C:\Users\Aleksandra\AppData\Local\Microsoft\WindowsApps;C:\Users\Aleksandra\AppData\Local\Programs\Microsoft VS Code\bin;C:\Users\Aleksandra\AppData\Roaming\Composer\vendor\bin;C:\Users\Aleksandra\AppData\Roaming\npm
USERNAME=Aleksandra
OS=Windows_NT
PROCESSOR_IDENTIFIER=Intel64 Family 6 Model 42 Stepping 7, GenuineIntel



---------------  S Y S T E M  ---------------

OS: Windows 10 , 64 bit Build 17134 (10.0.17134.1425)
OS uptime: 0 days 1:28 hours

CPU:total 2 (initial active 2) (2 cores per cpu, 1 threads per core) family 6 model 42 stepping 7 microcode 0x2f, cmov, cx8, fxsr, mmx, sse, sse2, sse3, ssse3, sse4.1, sse4.2, popcnt, clmul, tsc, tscinvbit

Memory: 4k page, system-wide physical 4043M (326M free)
TotalPageFile size 6056M (AvailPageFile size 2M)
current process WorkingSet (physical memory assigned to process): 222M, peak: 230M
current process commit charge ("private bytes"): 249M, peak: 257M

vm_info: OpenJDK 64-Bit Server VM (11.0.10+0-b96-7249189) for windows-amd64 JRE (11.0.10+0-b96-7249189), built on Mar 31 2021 21:44:00 by "builder" with MS VC++ 14.0 (VS2015)

END.
